CRITICAL - 2021-11-29 21:58:08 --> Attempt to read property "username" on string
#0 /home/rygba/Workstation/sobatvc/app/Controllers/Auth.php(22): CodeIgniter\Debug\Exceptions->errorHandler()
#1 /home/rygba/Workstation/sobatvc/vendor/codeigniter4/framework/system/CodeIgniter.php(824): App\Controllers\Auth->login()
#2 /home/rygba/Workstation/sobatvc/vendor/codeigniter4/framework/system/CodeIgniter.php(410): CodeIgniter\CodeIgniter->runController()
#3 /home/rygba/Workstation/sobatvc/vendor/codeigniter4/framework/system/CodeIgniter.php(318): CodeIgniter\CodeIgniter->handleRequest()
#4 /home/rygba/Workstation/sobatvc/public/index.php(37): CodeIgniter\CodeIgniter->run()
#5 /home/rygba/Workstation/sobatvc/vendor/codeigniter4/framework/system/Commands/Server/rewrite.php(43): require_once('...')
#6 {main}
CRITICAL - 2021-11-29 22:04:25 --> Attempt to read property "username" on string
#0 /home/rygba/Workstation/sobatvc/app/Controllers/Auth.php(22): CodeIgniter\Debug\Exceptions->errorHandler()
#1 /home/rygba/Workstation/sobatvc/vendor/codeigniter4/framework/system/CodeIgniter.php(824): App\Controllers\Auth->login()
#2 /home/rygba/Workstation/sobatvc/vendor/codeigniter4/framework/system/CodeIgniter.php(410): CodeIgniter\CodeIgniter->runController()
#3 /home/rygba/Workstation/sobatvc/vendor/codeigniter4/framework/system/CodeIgniter.php(318): CodeIgniter\CodeIgniter->handleRequest()
#4 /home/rygba/Workstation/sobatvc/public/index.php(37): CodeIgniter\CodeIgniter->run()
#5 /home/rygba/Workstation/sobatvc/vendor/codeigniter4/framework/system/Commands/Server/rewrite.php(43): require_once('...')
#6 {main}
CRITICAL - 2021-11-29 22:21:17 --> Attempt to read property "username" on string
#0 /home/rygba/Workstation/sobatvc/app/Controllers/Auth.php(22): CodeIgniter\Debug\Exceptions->errorHandler()
#1 /home/rygba/Workstation/sobatvc/vendor/codeigniter4/framework/system/CodeIgniter.php(824): App\Controllers\Auth->login()
#2 /home/rygba/Workstation/sobatvc/vendor/codeigniter4/framework/system/CodeIgniter.php(410): CodeIgniter\CodeIgniter->runController()
#3 /home/rygba/Workstation/sobatvc/vendor/codeigniter4/framework/system/CodeIgniter.php(318): CodeIgniter\CodeIgniter->handleRequest()
#4 /home/rygba/Workstation/sobatvc/public/index.php(37): CodeIgniter\CodeIgniter->run()
#5 /home/rygba/Workstation/sobatvc/vendor/codeigniter4/framework/system/Commands/Server/rewrite.php(43): require_once('...')
#6 {main}
CRITICAL - 2021-11-29 22:23:17 --> Attempt to read property "username" on array
#0 /home/rygba/Workstation/sobatvc/app/Controllers/Auth.php(22): CodeIgniter\Debug\Exceptions->errorHandler()
#1 /home/rygba/Workstation/sobatvc/vendor/codeigniter4/framework/system/CodeIgniter.php(824): App\Controllers\Auth->login()
#2 /home/rygba/Workstation/sobatvc/vendor/codeigniter4/framework/system/CodeIgniter.php(410): CodeIgniter\CodeIgniter->runController()
#3 /home/rygba/Workstation/sobatvc/vendor/codeigniter4/framework/system/CodeIgniter.php(318): CodeIgniter\CodeIgniter->handleRequest()
#4 /home/rygba/Workstation/sobatvc/public/index.php(37): CodeIgniter\CodeIgniter->run()
#5 /home/rygba/Workstation/sobatvc/vendor/codeigniter4/framework/system/Commands/Server/rewrite.php(43): require_once('...')
#6 {main}
CRITICAL - 2021-11-29 22:23:30 --> Attempt to read property "username" on string
#0 /home/rygba/Workstation/sobatvc/app/Controllers/Auth.php(22): CodeIgniter\Debug\Exceptions->errorHandler()
#1 /home/rygba/Workstation/sobatvc/vendor/codeigniter4/framework/system/CodeIgniter.php(824): App\Controllers\Auth->login()
#2 /home/rygba/Workstation/sobatvc/vendor/codeigniter4/framework/system/CodeIgniter.php(410): CodeIgniter\CodeIgniter->runController()
#3 /home/rygba/Workstation/sobatvc/vendor/codeigniter4/framework/system/CodeIgniter.php(318): CodeIgniter\CodeIgniter->handleRequest()
#4 /home/rygba/Workstation/sobatvc/public/index.php(37): CodeIgniter\CodeIgniter->run()
#5 /home/rygba/Workstation/sobatvc/vendor/codeigniter4/framework/system/Commands/Server/rewrite.php(43): require_once('...')
#6 {main}
CRITICAL - 2021-11-29 22:24:18 --> Call to a member function get() on string
#0 /home/rygba/Workstation/sobatvc/vendor/codeigniter4/framework/system/CodeIgniter.php(824): App\Controllers\Auth->login()
#1 /home/rygba/Workstation/sobatvc/vendor/codeigniter4/framework/system/CodeIgniter.php(410): CodeIgniter\CodeIgniter->runController()
#2 /home/rygba/Workstation/sobatvc/vendor/codeigniter4/framework/system/CodeIgniter.php(318): CodeIgniter\CodeIgniter->handleRequest()
#3 /home/rygba/Workstation/sobatvc/public/index.php(37): CodeIgniter\CodeIgniter->run()
#4 /home/rygba/Workstation/sobatvc/vendor/codeigniter4/framework/system/Commands/Server/rewrite.php(43): require_once('...')
#5 {main}
CRITICAL - 2021-11-29 22:24:38 --> Call to a member function getRowObject() on string
#0 /home/rygba/Workstation/sobatvc/vendor/codeigniter4/framework/system/CodeIgniter.php(824): App\Controllers\Auth->login()
#1 /home/rygba/Workstation/sobatvc/vendor/codeigniter4/framework/system/CodeIgniter.php(410): CodeIgniter\CodeIgniter->runController()
#2 /home/rygba/Workstation/sobatvc/vendor/codeigniter4/framework/system/CodeIgniter.php(318): CodeIgniter\CodeIgniter->handleRequest()
#3 /home/rygba/Workstation/sobatvc/public/index.php(37): CodeIgniter\CodeIgniter->run()
#4 /home/rygba/Workstation/sobatvc/vendor/codeigniter4/framework/system/Commands/Server/rewrite.php(43): require_once('...')
#5 {main}
CRITICAL - 2021-11-29 22:24:51 --> Attempt to read property "username" on string
#0 /home/rygba/Workstation/sobatvc/app/Controllers/Auth.php(22): CodeIgniter\Debug\Exceptions->errorHandler()
#1 /home/rygba/Workstation/sobatvc/vendor/codeigniter4/framework/system/CodeIgniter.php(824): App\Controllers\Auth->login()
#2 /home/rygba/Workstation/sobatvc/vendor/codeigniter4/framework/system/CodeIgniter.php(410): CodeIgniter\CodeIgniter->runController()
#3 /home/rygba/Workstation/sobatvc/vendor/codeigniter4/framework/system/CodeIgniter.php(318): CodeIgniter\CodeIgniter->handleRequest()
#4 /home/rygba/Workstation/sobatvc/public/index.php(37): CodeIgniter\CodeIgniter->run()
#5 /home/rygba/Workstation/sobatvc/vendor/codeigniter4/framework/system/Commands/Server/rewrite.php(43): require_once('...')
#6 {main}
CRITICAL - 2021-11-29 22:27:59 --> Attempt to read property "username" on string
#0 /home/rygba/Workstation/sobatvc/app/Controllers/Auth.php(22): CodeIgniter\Debug\Exceptions->errorHandler()
#1 /home/rygba/Workstation/sobatvc/vendor/codeigniter4/framework/system/CodeIgniter.php(824): App\Controllers\Auth->login()
#2 /home/rygba/Workstation/sobatvc/vendor/codeigniter4/framework/system/CodeIgniter.php(410): CodeIgniter\CodeIgniter->runController()
#3 /home/rygba/Workstation/sobatvc/vendor/codeigniter4/framework/system/CodeIgniter.php(318): CodeIgniter\CodeIgniter->handleRequest()
#4 /home/rygba/Workstation/sobatvc/public/index.php(37): CodeIgniter\CodeIgniter->run()
#5 /home/rygba/Workstation/sobatvc/vendor/codeigniter4/framework/system/Commands/Server/rewrite.php(43): require_once('...')
#6 {main}
CRITICAL - 2021-11-29 22:30:00 --> Attempt to read property "username" on string
#0 /home/rygba/Workstation/sobatvc/app/Controllers/Auth.php(22): CodeIgniter\Debug\Exceptions->errorHandler()
#1 /home/rygba/Workstation/sobatvc/vendor/codeigniter4/framework/system/CodeIgniter.php(824): App\Controllers\Auth->login()
#2 /home/rygba/Workstation/sobatvc/vendor/codeigniter4/framework/system/CodeIgniter.php(410): CodeIgniter\CodeIgniter->runController()
#3 /home/rygba/Workstation/sobatvc/vendor/codeigniter4/framework/system/CodeIgniter.php(318): CodeIgniter\CodeIgniter->handleRequest()
#4 /home/rygba/Workstation/sobatvc/public/index.php(37): CodeIgniter\CodeIgniter->run()
#5 /home/rygba/Workstation/sobatvc/vendor/codeigniter4/framework/system/Commands/Server/rewrite.php(43): require_once('...')
#6 {main}
CRITICAL - 2021-11-29 22:52:54 --> Attempt to read property "username" on string
#0 /home/rygba/Workstation/sobatvc/app/Controllers/Auth.php(23): CodeIgniter\Debug\Exceptions->errorHandler()
#1 /home/rygba/Workstation/sobatvc/vendor/codeigniter4/framework/system/CodeIgniter.php(824): App\Controllers\Auth->login()
#2 /home/rygba/Workstation/sobatvc/vendor/codeigniter4/framework/system/CodeIgniter.php(410): CodeIgniter\CodeIgniter->runController()
#3 /home/rygba/Workstation/sobatvc/vendor/codeigniter4/framework/system/CodeIgniter.php(318): CodeIgniter\CodeIgniter->handleRequest()
#4 /home/rygba/Workstation/sobatvc/public/index.php(37): CodeIgniter\CodeIgniter->run()
#5 /home/rygba/Workstation/sobatvc/vendor/codeigniter4/framework/system/Commands/Server/rewrite.php(43): require_once('...')
#6 {main}
CRITICAL - 2021-11-29 23:08:16 --> Too few arguments to function App\Controllers\Auth::login(), 0 passed in /home/rygba/Workstation/sobatvc/vendor/codeigniter4/framework/system/CodeIgniter.php on line 824 and exactly 2 expected
#0 /home/rygba/Workstation/sobatvc/vendor/codeigniter4/framework/system/CodeIgniter.php(824): App\Controllers\Auth->login()
#1 /home/rygba/Workstation/sobatvc/vendor/codeigniter4/framework/system/CodeIgniter.php(410): CodeIgniter\CodeIgniter->runController()
#2 /home/rygba/Workstation/sobatvc/vendor/codeigniter4/framework/system/CodeIgniter.php(318): CodeIgniter\CodeIgniter->handleRequest()
#3 /home/rygba/Workstation/sobatvc/public/index.php(37): CodeIgniter\CodeIgniter->run()
#4 /home/rygba/Workstation/sobatvc/vendor/codeigniter4/framework/system/Commands/Server/rewrite.php(43): require_once('...')
#5 {main}
CRITICAL - 2021-11-29 23:09:13 --> Attempt to read property "username" on string
#0 /home/rygba/Workstation/sobatvc/app/Controllers/Auth.php(23): CodeIgniter\Debug\Exceptions->errorHandler()
#1 /home/rygba/Workstation/sobatvc/vendor/codeigniter4/framework/system/CodeIgniter.php(824): App\Controllers\Auth->login()
#2 /home/rygba/Workstation/sobatvc/vendor/codeigniter4/framework/system/CodeIgniter.php(410): CodeIgniter\CodeIgniter->runController()
#3 /home/rygba/Workstation/sobatvc/vendor/codeigniter4/framework/system/CodeIgniter.php(318): CodeIgniter\CodeIgniter->handleRequest()
#4 /home/rygba/Workstation/sobatvc/public/index.php(37): CodeIgniter\CodeIgniter->run()
#5 /home/rygba/Workstation/sobatvc/vendor/codeigniter4/framework/system/Commands/Server/rewrite.php(43): require_once('...')
#6 {main}
CRITICAL - 2021-11-29 23:13:05 --> Attempt to read property "username" on string
#0 /home/rygba/Workstation/sobatvc/app/Controllers/Auth.php(23): CodeIgniter\Debug\Exceptions->errorHandler()
#1 /home/rygba/Workstation/sobatvc/vendor/codeigniter4/framework/system/CodeIgniter.php(824): App\Controllers\Auth->login()
#2 /home/rygba/Workstation/sobatvc/vendor/codeigniter4/framework/system/CodeIgniter.php(410): CodeIgniter\CodeIgniter->runController()
#3 /home/rygba/Workstation/sobatvc/vendor/codeigniter4/framework/system/CodeIgniter.php(318): CodeIgniter\CodeIgniter->handleRequest()
#4 /home/rygba/Workstation/sobatvc/public/index.php(37): CodeIgniter\CodeIgniter->run()
#5 /home/rygba/Workstation/sobatvc/vendor/codeigniter4/framework/system/Commands/Server/rewrite.php(43): require_once('...')
#6 {main}
CRITICAL - 2021-11-29 23:13:25 --> Attempt to read property "username" on string
#0 /home/rygba/Workstation/sobatvc/app/Controllers/Auth.php(23): CodeIgniter\Debug\Exceptions->errorHandler()
#1 /home/rygba/Workstation/sobatvc/vendor/codeigniter4/framework/system/CodeIgniter.php(824): App\Controllers\Auth->login()
#2 /home/rygba/Workstation/sobatvc/vendor/codeigniter4/framework/system/CodeIgniter.php(410): CodeIgniter\CodeIgniter->runController()
#3 /home/rygba/Workstation/sobatvc/vendor/codeigniter4/framework/system/CodeIgniter.php(318): CodeIgniter\CodeIgniter->handleRequest()
#4 /home/rygba/Workstation/sobatvc/public/index.php(37): CodeIgniter\CodeIgniter->run()
#5 /home/rygba/Workstation/sobatvc/vendor/codeigniter4/framework/system/Commands/Server/rewrite.php(43): require_once('...')
#6 {main}
CRITICAL - 2021-11-29 23:17:34 --> Attempt to read property "username" on string
#0 /home/rygba/Workstation/sobatvc/app/Controllers/Auth.php(23): CodeIgniter\Debug\Exceptions->errorHandler()
#1 /home/rygba/Workstation/sobatvc/vendor/codeigniter4/framework/system/CodeIgniter.php(824): App\Controllers\Auth->login()
#2 /home/rygba/Workstation/sobatvc/vendor/codeigniter4/framework/system/CodeIgniter.php(410): CodeIgniter\CodeIgniter->runController()
#3 /home/rygba/Workstation/sobatvc/vendor/codeigniter4/framework/system/CodeIgniter.php(318): CodeIgniter\CodeIgniter->handleRequest()
#4 /home/rygba/Workstation/sobatvc/public/index.php(37): CodeIgniter\CodeIgniter->run()
#5 /home/rygba/Workstation/sobatvc/vendor/codeigniter4/framework/system/Commands/Server/rewrite.php(43): require_once('...')
#6 {main}
CRITICAL - 2021-11-29 23:19:58 --> Attempt to read property "username" on string
#0 /home/rygba/Workstation/sobatvc/app/Controllers/Auth.php(23): CodeIgniter\Debug\Exceptions->errorHandler()
#1 /home/rygba/Workstation/sobatvc/vendor/codeigniter4/framework/system/CodeIgniter.php(824): App\Controllers\Auth->login()
#2 /home/rygba/Workstation/sobatvc/vendor/codeigniter4/framework/system/CodeIgniter.php(410): CodeIgniter\CodeIgniter->runController()
#3 /home/rygba/Workstation/sobatvc/vendor/codeigniter4/framework/system/CodeIgniter.php(318): CodeIgniter\CodeIgniter->handleRequest()
#4 /home/rygba/Workstation/sobatvc/public/index.php(37): CodeIgniter\CodeIgniter->run()
#5 /home/rygba/Workstation/sobatvc/vendor/codeigniter4/framework/system/Commands/Server/rewrite.php(43): require_once('...')
#6 {main}
CRITICAL - 2021-11-29 23:21:05 --> Attempt to read property "username" on string
#0 /home/rygba/Workstation/sobatvc/app/Controllers/Auth.php(23): CodeIgniter\Debug\Exceptions->errorHandler()
#1 /home/rygba/Workstation/sobatvc/vendor/codeigniter4/framework/system/CodeIgniter.php(824): App\Controllers\Auth->Login()
#2 /home/rygba/Workstation/sobatvc/vendor/codeigniter4/framework/system/CodeIgniter.php(410): CodeIgniter\CodeIgniter->runController()
#3 /home/rygba/Workstation/sobatvc/vendor/codeigniter4/framework/system/CodeIgniter.php(318): CodeIgniter\CodeIgniter->handleRequest()
#4 /home/rygba/Workstation/sobatvc/public/index.php(37): CodeIgniter\CodeIgniter->run()
#5 /home/rygba/Workstation/sobatvc/vendor/codeigniter4/framework/system/Commands/Server/rewrite.php(43): require_once('...')
#6 {main}
CRITICAL - 2021-11-29 23:30:03 --> Attempt to read property "username" on string
#0 /home/rygba/Workstation/sobatvc/app/Controllers/Auth.php(23): CodeIgniter\Debug\Exceptions->errorHandler()
#1 /home/rygba/Workstation/sobatvc/vendor/codeigniter4/framework/system/CodeIgniter.php(824): App\Controllers\Auth->Login()
#2 /home/rygba/Workstation/sobatvc/vendor/codeigniter4/framework/system/CodeIgniter.php(410): CodeIgniter\CodeIgniter->runController()
#3 /home/rygba/Workstation/sobatvc/vendor/codeigniter4/framework/system/CodeIgniter.php(318): CodeIgniter\CodeIgniter->handleRequest()
#4 /home/rygba/Workstation/sobatvc/public/index.php(37): CodeIgniter\CodeIgniter->run()
#5 /home/rygba/Workstation/sobatvc/vendor/codeigniter4/framework/system/Commands/Server/rewrite.php(43): require_once('...')
#6 {main}
CRITICAL - 2021-11-29 23:30:51 --> Attempt to read property "username" on string
#0 /home/rygba/Workstation/sobatvc/app/Controllers/Auth.php(23): CodeIgniter\Debug\Exceptions->errorHandler()
#1 /home/rygba/Workstation/sobatvc/vendor/codeigniter4/framework/system/CodeIgniter.php(824): App\Controllers\Auth->Login()
#2 /home/rygba/Workstation/sobatvc/vendor/codeigniter4/framework/system/CodeIgniter.php(410): CodeIgniter\CodeIgniter->runController()
#3 /home/rygba/Workstation/sobatvc/vendor/codeigniter4/framework/system/CodeIgniter.php(318): CodeIgniter\CodeIgniter->handleRequest()
#4 /home/rygba/Workstation/sobatvc/public/index.php(37): CodeIgniter\CodeIgniter->run()
#5 /home/rygba/Workstation/sobatvc/vendor/codeigniter4/framework/system/Commands/Server/rewrite.php(43): require_once('...')
#6 {main}
CRITICAL - 2021-11-29 23:32:28 --> Attempt to read property "username" on string
#0 /home/rygba/Workstation/sobatvc/app/Controllers/Auth.php(23): CodeIgniter\Debug\Exceptions->errorHandler()
#1 /home/rygba/Workstation/sobatvc/vendor/codeigniter4/framework/system/CodeIgniter.php(824): App\Controllers\Auth->Login()
#2 /home/rygba/Workstation/sobatvc/vendor/codeigniter4/framework/system/CodeIgniter.php(410): CodeIgniter\CodeIgniter->runController()
#3 /home/rygba/Workstation/sobatvc/vendor/codeigniter4/framework/system/CodeIgniter.php(318): CodeIgniter\CodeIgniter->handleRequest()
#4 /home/rygba/Workstation/sobatvc/public/index.php(37): CodeIgniter\CodeIgniter->run()
#5 /home/rygba/Workstation/sobatvc/vendor/codeigniter4/framework/system/Commands/Server/rewrite.php(43): require_once('...')
#6 {main}
CRITICAL - 2021-11-29 23:41:05 --> Attempt to read property "username" on string
#0 /home/rygba/Workstation/sobatvc/app/Controllers/Auth.php(23): CodeIgniter\Debug\Exceptions->errorHandler()
#1 /home/rygba/Workstation/sobatvc/vendor/codeigniter4/framework/system/CodeIgniter.php(824): App\Controllers\Auth->login()
#2 /home/rygba/Workstation/sobatvc/vendor/codeigniter4/framework/system/CodeIgniter.php(410): CodeIgniter\CodeIgniter->runController()
#3 /home/rygba/Workstation/sobatvc/vendor/codeigniter4/framework/system/CodeIgniter.php(318): CodeIgniter\CodeIgniter->handleRequest()
#4 /home/rygba/Workstation/sobatvc/public/index.php(37): CodeIgniter\CodeIgniter->run()
#5 /home/rygba/Workstation/sobatvc/vendor/codeigniter4/framework/system/Commands/Server/rewrite.php(43): require_once('...')
#6 {main}
CRITICAL - 2021-11-29 23:44:28 --> Attempt to read property "username" on string
#0 /home/rygba/Workstation/sobatvc/app/Controllers/Auth.php(23): CodeIgniter\Debug\Exceptions->errorHandler()
#1 /home/rygba/Workstation/sobatvc/vendor/codeigniter4/framework/system/CodeIgniter.php(824): App\Controllers\Auth->login()
#2 /home/rygba/Workstation/sobatvc/vendor/codeigniter4/framework/system/CodeIgniter.php(410): CodeIgniter\CodeIgniter->runController()
#3 /home/rygba/Workstation/sobatvc/vendor/codeigniter4/framework/system/CodeIgniter.php(318): CodeIgniter\CodeIgniter->handleRequest()
#4 /home/rygba/Workstation/sobatvc/public/index.php(37): CodeIgniter\CodeIgniter->run()
#5 /home/rygba/Workstation/sobatvc/vendor/codeigniter4/framework/system/Commands/Server/rewrite.php(43): require_once('...')
#6 {main}
