ERROR - 2021-12-01 05:55:13 --> Error connecting to the database: Unknown database 'sobavc'
CRITICAL - 2021-12-01 05:55:13 --> Unable to connect to the database.
Main connection [MySQLi]: Unknown database 'sobavc'
#0 /home/rygba/Workstation/sobatvc/vendor/codeigniter4/framework/system/Database/BaseConnection.php(577): CodeIgniter\Database\BaseConnection->initialize()
#1 /home/rygba/Workstation/sobatvc/vendor/codeigniter4/framework/system/Database/BaseBuilder.php(1759): CodeIgniter\Database\BaseConnection->query()
#2 /home/rygba/Workstation/sobatvc/vendor/codeigniter4/framework/system/Model.php(239): CodeIgniter\Database\BaseBuilder->insert()
#3 /home/rygba/Workstation/sobatvc/vendor/codeigniter4/framework/system/BaseModel.php(738): CodeIgniter\Model->doInsert()
#4 /home/rygba/Workstation/sobatvc/vendor/codeigniter4/framework/system/Model.php(620): CodeIgniter\BaseModel->insert()
#5 /home/rygba/Workstation/sobatvc/app/Controllers/Pendaftaran.php(25): CodeIgniter\Model->insert()
#6 /home/rygba/Workstation/sobatvc/vendor/codeigniter4/framework/system/CodeIgniter.php(824): App\Controllers\Pendaftaran->adddata()
#7 /home/rygba/Workstation/sobatvc/vendor/codeigniter4/framework/system/CodeIgniter.php(410): CodeIgniter\CodeIgniter->runController()
#8 /home/rygba/Workstation/sobatvc/vendor/codeigniter4/framework/system/CodeIgniter.php(318): CodeIgniter\CodeIgniter->handleRequest()
#9 /home/rygba/Workstation/sobatvc/public/index.php(37): CodeIgniter\CodeIgniter->run()
#10 /home/rygba/Workstation/sobatvc/vendor/codeigniter4/framework/system/Commands/Server/rewrite.php(43): require_once('...')
#11 {main}
ERROR - 2021-12-01 05:55:56 --> Cannot add or update a child row: a foreign key constraint fails (`sobatvc`.`reperal`, CONSTRAINT `fk_reperal_users1` FOREIGN KEY (`idusers`) REFERENCES `users` (`idusers`) ON DELETE NO ACTION ON UPDATE NO ACTION)
CRITICAL - 2021-12-01 05:55:56 --> Cannot add or update a child row: a foreign key constraint fails (`sobatvc`.`reperal`, CONSTRAINT `fk_reperal_users1` FOREIGN KEY (`idusers`) REFERENCES `users` (`idusers`) ON DELETE NO ACTION ON UPDATE NO ACTION)
#0 /home/rygba/Workstation/sobatvc/vendor/codeigniter4/framework/system/Database/MySQLi/Connection.php(292): mysqli->query()
#1 /home/rygba/Workstation/sobatvc/vendor/codeigniter4/framework/system/Database/BaseConnection.php(670): CodeIgniter\Database\MySQLi\Connection->execute()
#2 /home/rygba/Workstation/sobatvc/vendor/codeigniter4/framework/system/Database/BaseConnection.php(598): CodeIgniter\Database\BaseConnection->simpleQuery()
#3 /home/rygba/Workstation/sobatvc/vendor/codeigniter4/framework/system/Database/BaseBuilder.php(1759): CodeIgniter\Database\BaseConnection->query()
#4 /home/rygba/Workstation/sobatvc/vendor/codeigniter4/framework/system/Model.php(239): CodeIgniter\Database\BaseBuilder->insert()
#5 /home/rygba/Workstation/sobatvc/vendor/codeigniter4/framework/system/BaseModel.php(738): CodeIgniter\Model->doInsert()
#6 /home/rygba/Workstation/sobatvc/vendor/codeigniter4/framework/system/Model.php(620): CodeIgniter\BaseModel->insert()
#7 /home/rygba/Workstation/sobatvc/app/Controllers/Pendaftaran.php(25): CodeIgniter\Model->insert()
#8 /home/rygba/Workstation/sobatvc/vendor/codeigniter4/framework/system/CodeIgniter.php(824): App\Controllers\Pendaftaran->adddata()
#9 /home/rygba/Workstation/sobatvc/vendor/codeigniter4/framework/system/CodeIgniter.php(410): CodeIgniter\CodeIgniter->runController()
#10 /home/rygba/Workstation/sobatvc/vendor/codeigniter4/framework/system/CodeIgniter.php(318): CodeIgniter\CodeIgniter->handleRequest()
#11 /home/rygba/Workstation/sobatvc/public/index.php(37): CodeIgniter\CodeIgniter->run()
#12 /home/rygba/Workstation/sobatvc/vendor/codeigniter4/framework/system/Commands/Server/rewrite.php(43): require_once('...')
#13 {main}
ERROR - 2021-12-01 06:21:44 --> Cannot add or update a child row: a foreign key constraint fails (`sobatvc`.`reperal`, CONSTRAINT `fk_reperal_users1` FOREIGN KEY (`idusers`) REFERENCES `users` (`idusers`) ON DELETE NO ACTION ON UPDATE NO ACTION)
CRITICAL - 2021-12-01 06:21:44 --> Cannot add or update a child row: a foreign key constraint fails (`sobatvc`.`reperal`, CONSTRAINT `fk_reperal_users1` FOREIGN KEY (`idusers`) REFERENCES `users` (`idusers`) ON DELETE NO ACTION ON UPDATE NO ACTION)
#0 /home/rygba/Workstation/sobatvc/vendor/codeigniter4/framework/system/Database/MySQLi/Connection.php(292): mysqli->query()
#1 /home/rygba/Workstation/sobatvc/vendor/codeigniter4/framework/system/Database/BaseConnection.php(670): CodeIgniter\Database\MySQLi\Connection->execute()
#2 /home/rygba/Workstation/sobatvc/vendor/codeigniter4/framework/system/Database/BaseConnection.php(598): CodeIgniter\Database\BaseConnection->simpleQuery()
#3 /home/rygba/Workstation/sobatvc/vendor/codeigniter4/framework/system/Database/BaseBuilder.php(1759): CodeIgniter\Database\BaseConnection->query()
#4 /home/rygba/Workstation/sobatvc/vendor/codeigniter4/framework/system/Model.php(239): CodeIgniter\Database\BaseBuilder->insert()
#5 /home/rygba/Workstation/sobatvc/vendor/codeigniter4/framework/system/BaseModel.php(738): CodeIgniter\Model->doInsert()
#6 /home/rygba/Workstation/sobatvc/vendor/codeigniter4/framework/system/Model.php(620): CodeIgniter\BaseModel->insert()
#7 /home/rygba/Workstation/sobatvc/app/Controllers/Pendaftaran.php(27): CodeIgniter\Model->insert()
#8 /home/rygba/Workstation/sobatvc/vendor/codeigniter4/framework/system/CodeIgniter.php(824): App\Controllers\Pendaftaran->adddata()
#9 /home/rygba/Workstation/sobatvc/vendor/codeigniter4/framework/system/CodeIgniter.php(410): CodeIgniter\CodeIgniter->runController()
#10 /home/rygba/Workstation/sobatvc/vendor/codeigniter4/framework/system/CodeIgniter.php(318): CodeIgniter\CodeIgniter->handleRequest()
#11 /home/rygba/Workstation/sobatvc/public/index.php(37): CodeIgniter\CodeIgniter->run()
#12 /home/rygba/Workstation/sobatvc/vendor/codeigniter4/framework/system/Commands/Server/rewrite.php(43): require_once('...')
#13 {main}
ERROR - 2021-12-01 06:22:50 --> Cannot add or update a child row: a foreign key constraint fails (`sobatvc`.`reperal`, CONSTRAINT `fk_reperal_users1` FOREIGN KEY (`idusers`) REFERENCES `users` (`idusers`) ON DELETE NO ACTION ON UPDATE NO ACTION)
CRITICAL - 2021-12-01 06:22:50 --> Cannot add or update a child row: a foreign key constraint fails (`sobatvc`.`reperal`, CONSTRAINT `fk_reperal_users1` FOREIGN KEY (`idusers`) REFERENCES `users` (`idusers`) ON DELETE NO ACTION ON UPDATE NO ACTION)
#0 /home/rygba/Workstation/sobatvc/vendor/codeigniter4/framework/system/Database/MySQLi/Connection.php(292): mysqli->query()
#1 /home/rygba/Workstation/sobatvc/vendor/codeigniter4/framework/system/Database/BaseConnection.php(670): CodeIgniter\Database\MySQLi\Connection->execute()
#2 /home/rygba/Workstation/sobatvc/vendor/codeigniter4/framework/system/Database/BaseConnection.php(598): CodeIgniter\Database\BaseConnection->simpleQuery()
#3 /home/rygba/Workstation/sobatvc/vendor/codeigniter4/framework/system/Database/BaseBuilder.php(1759): CodeIgniter\Database\BaseConnection->query()
#4 /home/rygba/Workstation/sobatvc/vendor/codeigniter4/framework/system/Model.php(239): CodeIgniter\Database\BaseBuilder->insert()
#5 /home/rygba/Workstation/sobatvc/vendor/codeigniter4/framework/system/BaseModel.php(738): CodeIgniter\Model->doInsert()
#6 /home/rygba/Workstation/sobatvc/vendor/codeigniter4/framework/system/Model.php(620): CodeIgniter\BaseModel->insert()
#7 /home/rygba/Workstation/sobatvc/app/Controllers/Pendaftaran.php(27): CodeIgniter\Model->insert()
#8 /home/rygba/Workstation/sobatvc/vendor/codeigniter4/framework/system/CodeIgniter.php(824): App\Controllers\Pendaftaran->adddata()
#9 /home/rygba/Workstation/sobatvc/vendor/codeigniter4/framework/system/CodeIgniter.php(410): CodeIgniter\CodeIgniter->runController()
#10 /home/rygba/Workstation/sobatvc/vendor/codeigniter4/framework/system/CodeIgniter.php(318): CodeIgniter\CodeIgniter->handleRequest()
#11 /home/rygba/Workstation/sobatvc/public/index.php(37): CodeIgniter\CodeIgniter->run()
#12 /home/rygba/Workstation/sobatvc/vendor/codeigniter4/framework/system/Commands/Server/rewrite.php(43): require_once('...')
#13 {main}
ERROR - 2021-12-01 06:24:01 --> Cannot add or update a child row: a foreign key constraint fails (`sobatvc`.`reperal`, CONSTRAINT `fk_reperal_users1` FOREIGN KEY (`idusers`) REFERENCES `users` (`idusers`) ON DELETE NO ACTION ON UPDATE NO ACTION)
CRITICAL - 2021-12-01 06:24:01 --> Cannot add or update a child row: a foreign key constraint fails (`sobatvc`.`reperal`, CONSTRAINT `fk_reperal_users1` FOREIGN KEY (`idusers`) REFERENCES `users` (`idusers`) ON DELETE NO ACTION ON UPDATE NO ACTION)
#0 /home/rygba/Workstation/sobatvc/vendor/codeigniter4/framework/system/Database/MySQLi/Connection.php(292): mysqli->query()
#1 /home/rygba/Workstation/sobatvc/vendor/codeigniter4/framework/system/Database/BaseConnection.php(670): CodeIgniter\Database\MySQLi\Connection->execute()
#2 /home/rygba/Workstation/sobatvc/vendor/codeigniter4/framework/system/Database/BaseConnection.php(598): CodeIgniter\Database\BaseConnection->simpleQuery()
#3 /home/rygba/Workstation/sobatvc/vendor/codeigniter4/framework/system/Database/BaseBuilder.php(1759): CodeIgniter\Database\BaseConnection->query()
#4 /home/rygba/Workstation/sobatvc/vendor/codeigniter4/framework/system/Model.php(239): CodeIgniter\Database\BaseBuilder->insert()
#5 /home/rygba/Workstation/sobatvc/vendor/codeigniter4/framework/system/BaseModel.php(738): CodeIgniter\Model->doInsert()
#6 /home/rygba/Workstation/sobatvc/vendor/codeigniter4/framework/system/Model.php(620): CodeIgniter\BaseModel->insert()
#7 /home/rygba/Workstation/sobatvc/app/Controllers/Pendaftaran.php(27): CodeIgniter\Model->insert()
#8 /home/rygba/Workstation/sobatvc/vendor/codeigniter4/framework/system/CodeIgniter.php(824): App\Controllers\Pendaftaran->adddata()
#9 /home/rygba/Workstation/sobatvc/vendor/codeigniter4/framework/system/CodeIgniter.php(410): CodeIgniter\CodeIgniter->runController()
#10 /home/rygba/Workstation/sobatvc/vendor/codeigniter4/framework/system/CodeIgniter.php(318): CodeIgniter\CodeIgniter->handleRequest()
#11 /home/rygba/Workstation/sobatvc/public/index.php(37): CodeIgniter\CodeIgniter->run()
#12 /home/rygba/Workstation/sobatvc/vendor/codeigniter4/framework/system/Commands/Server/rewrite.php(43): require_once('...')
#13 {main}
ERROR - 2021-12-01 06:24:49 --> Cannot add or update a child row: a foreign key constraint fails (`sobatvc`.`reperal`, CONSTRAINT `fk_reperal_users1` FOREIGN KEY (`idusers`) REFERENCES `users` (`idusers`) ON DELETE NO ACTION ON UPDATE NO ACTION)
CRITICAL - 2021-12-01 06:24:49 --> Cannot add or update a child row: a foreign key constraint fails (`sobatvc`.`reperal`, CONSTRAINT `fk_reperal_users1` FOREIGN KEY (`idusers`) REFERENCES `users` (`idusers`) ON DELETE NO ACTION ON UPDATE NO ACTION)
#0 /home/rygba/Workstation/sobatvc/vendor/codeigniter4/framework/system/Database/MySQLi/Connection.php(292): mysqli->query()
#1 /home/rygba/Workstation/sobatvc/vendor/codeigniter4/framework/system/Database/BaseConnection.php(670): CodeIgniter\Database\MySQLi\Connection->execute()
#2 /home/rygba/Workstation/sobatvc/vendor/codeigniter4/framework/system/Database/BaseConnection.php(598): CodeIgniter\Database\BaseConnection->simpleQuery()
#3 /home/rygba/Workstation/sobatvc/vendor/codeigniter4/framework/system/Database/BaseBuilder.php(1759): CodeIgniter\Database\BaseConnection->query()
#4 /home/rygba/Workstation/sobatvc/vendor/codeigniter4/framework/system/Model.php(239): CodeIgniter\Database\BaseBuilder->insert()
#5 /home/rygba/Workstation/sobatvc/vendor/codeigniter4/framework/system/BaseModel.php(738): CodeIgniter\Model->doInsert()
#6 /home/rygba/Workstation/sobatvc/vendor/codeigniter4/framework/system/Model.php(620): CodeIgniter\BaseModel->insert()
#7 /home/rygba/Workstation/sobatvc/app/Controllers/Pendaftaran.php(27): CodeIgniter\Model->insert()
#8 /home/rygba/Workstation/sobatvc/vendor/codeigniter4/framework/system/CodeIgniter.php(824): App\Controllers\Pendaftaran->adddata()
#9 /home/rygba/Workstation/sobatvc/vendor/codeigniter4/framework/system/CodeIgniter.php(410): CodeIgniter\CodeIgniter->runController()
#10 /home/rygba/Workstation/sobatvc/vendor/codeigniter4/framework/system/CodeIgniter.php(318): CodeIgniter\CodeIgniter->handleRequest()
#11 /home/rygba/Workstation/sobatvc/public/index.php(37): CodeIgniter\CodeIgniter->run()
#12 /home/rygba/Workstation/sobatvc/vendor/codeigniter4/framework/system/Commands/Server/rewrite.php(43): require_once('...')
#13 {main}
ERROR - 2021-12-01 08:11:27 --> Cannot add or update a child row: a foreign key constraint fails (`sobatvc`.`reperal`, CONSTRAINT `fk_reperal_users1` FOREIGN KEY (`idusers`) REFERENCES `users` (`idusers`) ON DELETE NO ACTION ON UPDATE NO ACTION)
CRITICAL - 2021-12-01 08:11:27 --> Cannot add or update a child row: a foreign key constraint fails (`sobatvc`.`reperal`, CONSTRAINT `fk_reperal_users1` FOREIGN KEY (`idusers`) REFERENCES `users` (`idusers`) ON DELETE NO ACTION ON UPDATE NO ACTION)
#0 /home/rygba/Workstation/sobatvc/vendor/codeigniter4/framework/system/Database/MySQLi/Connection.php(292): mysqli->query()
#1 /home/rygba/Workstation/sobatvc/vendor/codeigniter4/framework/system/Database/BaseConnection.php(670): CodeIgniter\Database\MySQLi\Connection->execute()
#2 /home/rygba/Workstation/sobatvc/vendor/codeigniter4/framework/system/Database/BaseConnection.php(598): CodeIgniter\Database\BaseConnection->simpleQuery()
#3 /home/rygba/Workstation/sobatvc/vendor/codeigniter4/framework/system/Database/BaseBuilder.php(1759): CodeIgniter\Database\BaseConnection->query()
#4 /home/rygba/Workstation/sobatvc/vendor/codeigniter4/framework/system/Model.php(239): CodeIgniter\Database\BaseBuilder->insert()
#5 /home/rygba/Workstation/sobatvc/vendor/codeigniter4/framework/system/BaseModel.php(738): CodeIgniter\Model->doInsert()
#6 /home/rygba/Workstation/sobatvc/vendor/codeigniter4/framework/system/Model.php(620): CodeIgniter\BaseModel->insert()
#7 /home/rygba/Workstation/sobatvc/app/Controllers/Pendaftaran.php(27): CodeIgniter\Model->insert()
#8 /home/rygba/Workstation/sobatvc/vendor/codeigniter4/framework/system/CodeIgniter.php(824): App\Controllers\Pendaftaran->adddata()
#9 /home/rygba/Workstation/sobatvc/vendor/codeigniter4/framework/system/CodeIgniter.php(410): CodeIgniter\CodeIgniter->runController()
#10 /home/rygba/Workstation/sobatvc/vendor/codeigniter4/framework/system/CodeIgniter.php(318): CodeIgniter\CodeIgniter->handleRequest()
#11 /home/rygba/Workstation/sobatvc/public/index.php(37): CodeIgniter\CodeIgniter->run()
#12 /home/rygba/Workstation/sobatvc/vendor/codeigniter4/framework/system/Commands/Server/rewrite.php(43): require_once('...')
#13 {main}
ERROR - 2021-12-01 08:13:03 --> Cannot add or update a child row: a foreign key constraint fails (`sobatvc`.`reperal`, CONSTRAINT `fk_reperal_users1` FOREIGN KEY (`idusers`) REFERENCES `users` (`idusers`) ON DELETE NO ACTION ON UPDATE NO ACTION)
CRITICAL - 2021-12-01 08:13:03 --> Cannot add or update a child row: a foreign key constraint fails (`sobatvc`.`reperal`, CONSTRAINT `fk_reperal_users1` FOREIGN KEY (`idusers`) REFERENCES `users` (`idusers`) ON DELETE NO ACTION ON UPDATE NO ACTION)
#0 /home/rygba/Workstation/sobatvc/vendor/codeigniter4/framework/system/Database/MySQLi/Connection.php(292): mysqli->query()
#1 /home/rygba/Workstation/sobatvc/vendor/codeigniter4/framework/system/Database/BaseConnection.php(670): CodeIgniter\Database\MySQLi\Connection->execute()
#2 /home/rygba/Workstation/sobatvc/vendor/codeigniter4/framework/system/Database/BaseConnection.php(598): CodeIgniter\Database\BaseConnection->simpleQuery()
#3 /home/rygba/Workstation/sobatvc/vendor/codeigniter4/framework/system/Database/BaseBuilder.php(1759): CodeIgniter\Database\BaseConnection->query()
#4 /home/rygba/Workstation/sobatvc/vendor/codeigniter4/framework/system/Model.php(239): CodeIgniter\Database\BaseBuilder->insert()
#5 /home/rygba/Workstation/sobatvc/vendor/codeigniter4/framework/system/BaseModel.php(738): CodeIgniter\Model->doInsert()
#6 /home/rygba/Workstation/sobatvc/vendor/codeigniter4/framework/system/Model.php(620): CodeIgniter\BaseModel->insert()
#7 /home/rygba/Workstation/sobatvc/app/Controllers/Pendaftaran.php(27): CodeIgniter\Model->insert()
#8 /home/rygba/Workstation/sobatvc/vendor/codeigniter4/framework/system/CodeIgniter.php(824): App\Controllers\Pendaftaran->adddata()
#9 /home/rygba/Workstation/sobatvc/vendor/codeigniter4/framework/system/CodeIgniter.php(410): CodeIgniter\CodeIgniter->runController()
#10 /home/rygba/Workstation/sobatvc/vendor/codeigniter4/framework/system/CodeIgniter.php(318): CodeIgniter\CodeIgniter->handleRequest()
#11 /home/rygba/Workstation/sobatvc/public/index.php(37): CodeIgniter\CodeIgniter->run()
#12 /home/rygba/Workstation/sobatvc/vendor/codeigniter4/framework/system/Commands/Server/rewrite.php(43): require_once('...')
#13 {main}
CRITICAL - 2021-12-01 08:35:56 --> CodeIgniter\HTTP\Request::fetchGlobal(): Argument #3 ($filter) must be of type ?int, string given, called in /home/rygba/Workstation/sobatvc/vendor/codeigniter4/framework/system/HTTP/IncomingRequest.php on line 596
#0 /home/rygba/Workstation/sobatvc/vendor/codeigniter4/framework/system/HTTP/IncomingRequest.php(596): CodeIgniter\HTTP\Request->fetchGlobal()
#1 /home/rygba/Workstation/sobatvc/app/Controllers/Pendaftaran.php(28): CodeIgniter\HTTP\IncomingRequest->getPost()
#2 /home/rygba/Workstation/sobatvc/vendor/codeigniter4/framework/system/CodeIgniter.php(824): App\Controllers\Pendaftaran->adddata()
#3 /home/rygba/Workstation/sobatvc/vendor/codeigniter4/framework/system/CodeIgniter.php(410): CodeIgniter\CodeIgniter->runController()
#4 /home/rygba/Workstation/sobatvc/vendor/codeigniter4/framework/system/CodeIgniter.php(318): CodeIgniter\CodeIgniter->handleRequest()
#5 /home/rygba/Workstation/sobatvc/public/index.php(37): CodeIgniter\CodeIgniter->run()
#6 /home/rygba/Workstation/sobatvc/vendor/codeigniter4/framework/system/Commands/Server/rewrite.php(43): require_once('...')
#7 {main}
ERROR - 2021-12-01 08:38:46 --> Cannot add or update a child row: a foreign key constraint fails (`sobatvc`.`reperal`, CONSTRAINT `fk_reperal_users1` FOREIGN KEY (`idusers`) REFERENCES `users` (`idusers`) ON DELETE NO ACTION ON UPDATE NO ACTION)
CRITICAL - 2021-12-01 08:38:46 --> Cannot add or update a child row: a foreign key constraint fails (`sobatvc`.`reperal`, CONSTRAINT `fk_reperal_users1` FOREIGN KEY (`idusers`) REFERENCES `users` (`idusers`) ON DELETE NO ACTION ON UPDATE NO ACTION)
#0 /home/rygba/Workstation/sobatvc/vendor/codeigniter4/framework/system/Database/MySQLi/Connection.php(292): mysqli->query()
#1 /home/rygba/Workstation/sobatvc/vendor/codeigniter4/framework/system/Database/BaseConnection.php(670): CodeIgniter\Database\MySQLi\Connection->execute()
#2 /home/rygba/Workstation/sobatvc/vendor/codeigniter4/framework/system/Database/BaseConnection.php(598): CodeIgniter\Database\BaseConnection->simpleQuery()
#3 /home/rygba/Workstation/sobatvc/vendor/codeigniter4/framework/system/Database/BaseBuilder.php(1759): CodeIgniter\Database\BaseConnection->query()
#4 /home/rygba/Workstation/sobatvc/vendor/codeigniter4/framework/system/Model.php(239): CodeIgniter\Database\BaseBuilder->insert()
#5 /home/rygba/Workstation/sobatvc/vendor/codeigniter4/framework/system/BaseModel.php(738): CodeIgniter\Model->doInsert()
#6 /home/rygba/Workstation/sobatvc/vendor/codeigniter4/framework/system/Model.php(620): CodeIgniter\BaseModel->insert()
#7 /home/rygba/Workstation/sobatvc/app/Controllers/Pendaftaran.php(29): CodeIgniter\Model->insert()
#8 /home/rygba/Workstation/sobatvc/vendor/codeigniter4/framework/system/CodeIgniter.php(824): App\Controllers\Pendaftaran->adddata()
#9 /home/rygba/Workstation/sobatvc/vendor/codeigniter4/framework/system/CodeIgniter.php(410): CodeIgniter\CodeIgniter->runController()
#10 /home/rygba/Workstation/sobatvc/vendor/codeigniter4/framework/system/CodeIgniter.php(318): CodeIgniter\CodeIgniter->handleRequest()
#11 /home/rygba/Workstation/sobatvc/public/index.php(37): CodeIgniter\CodeIgniter->run()
#12 /home/rygba/Workstation/sobatvc/vendor/codeigniter4/framework/system/Commands/Server/rewrite.php(43): require_once('...')
#13 {main}
ERROR - 2021-12-01 08:47:58 --> Cannot add or update a child row: a foreign key constraint fails (`sobatvc`.`users`, CONSTRAINT `fk_users_roleuser` FOREIGN KEY (`idroleuser`) REFERENCES `roleuser` (`idroleuser`) ON DELETE NO ACTION ON UPDATE NO ACTION)
CRITICAL - 2021-12-01 08:47:58 --> Cannot add or update a child row: a foreign key constraint fails (`sobatvc`.`users`, CONSTRAINT `fk_users_roleuser` FOREIGN KEY (`idroleuser`) REFERENCES `roleuser` (`idroleuser`) ON DELETE NO ACTION ON UPDATE NO ACTION)
#0 /home/rygba/Workstation/sobatvc/vendor/codeigniter4/framework/system/Database/MySQLi/Connection.php(292): mysqli->query()
#1 /home/rygba/Workstation/sobatvc/vendor/codeigniter4/framework/system/Database/BaseConnection.php(670): CodeIgniter\Database\MySQLi\Connection->execute()
#2 /home/rygba/Workstation/sobatvc/vendor/codeigniter4/framework/system/Database/BaseConnection.php(598): CodeIgniter\Database\BaseConnection->simpleQuery()
#3 /home/rygba/Workstation/sobatvc/vendor/codeigniter4/framework/system/Database/BaseBuilder.php(1759): CodeIgniter\Database\BaseConnection->query()
#4 /home/rygba/Workstation/sobatvc/vendor/codeigniter4/framework/system/Model.php(239): CodeIgniter\Database\BaseBuilder->insert()
#5 /home/rygba/Workstation/sobatvc/vendor/codeigniter4/framework/system/BaseModel.php(738): CodeIgniter\Model->doInsert()
#6 /home/rygba/Workstation/sobatvc/vendor/codeigniter4/framework/system/Model.php(620): CodeIgniter\BaseModel->insert()
#7 /home/rygba/Workstation/sobatvc/app/Controllers/Pendaftaran.php(29): CodeIgniter\Model->insert()
#8 /home/rygba/Workstation/sobatvc/vendor/codeigniter4/framework/system/CodeIgniter.php(824): App\Controllers\Pendaftaran->adddata()
#9 /home/rygba/Workstation/sobatvc/vendor/codeigniter4/framework/system/CodeIgniter.php(410): CodeIgniter\CodeIgniter->runController()
#10 /home/rygba/Workstation/sobatvc/vendor/codeigniter4/framework/system/CodeIgniter.php(318): CodeIgniter\CodeIgniter->handleRequest()
#11 /home/rygba/Workstation/sobatvc/public/index.php(37): CodeIgniter\CodeIgniter->run()
#12 /home/rygba/Workstation/sobatvc/vendor/codeigniter4/framework/system/Commands/Server/rewrite.php(43): require_once('...')
#13 {main}
ERROR - 2021-12-01 08:51:57 --> Cannot add or update a child row: a foreign key constraint fails (`sobatvc`.`users`, CONSTRAINT `fk_users_roleuser` FOREIGN KEY (`idroleuser`) REFERENCES `roleuser` (`idroleuser`) ON DELETE NO ACTION ON UPDATE NO ACTION)
CRITICAL - 2021-12-01 08:51:57 --> Cannot add or update a child row: a foreign key constraint fails (`sobatvc`.`users`, CONSTRAINT `fk_users_roleuser` FOREIGN KEY (`idroleuser`) REFERENCES `roleuser` (`idroleuser`) ON DELETE NO ACTION ON UPDATE NO ACTION)
#0 /home/rygba/Workstation/sobatvc/vendor/codeigniter4/framework/system/Database/MySQLi/Connection.php(292): mysqli->query()
#1 /home/rygba/Workstation/sobatvc/vendor/codeigniter4/framework/system/Database/BaseConnection.php(670): CodeIgniter\Database\MySQLi\Connection->execute()
#2 /home/rygba/Workstation/sobatvc/vendor/codeigniter4/framework/system/Database/BaseConnection.php(598): CodeIgniter\Database\BaseConnection->simpleQuery()
#3 /home/rygba/Workstation/sobatvc/vendor/codeigniter4/framework/system/Database/BaseBuilder.php(1759): CodeIgniter\Database\BaseConnection->query()
#4 /home/rygba/Workstation/sobatvc/vendor/codeigniter4/framework/system/Model.php(239): CodeIgniter\Database\BaseBuilder->insert()
#5 /home/rygba/Workstation/sobatvc/vendor/codeigniter4/framework/system/BaseModel.php(738): CodeIgniter\Model->doInsert()
#6 /home/rygba/Workstation/sobatvc/vendor/codeigniter4/framework/system/Model.php(620): CodeIgniter\BaseModel->insert()
#7 /home/rygba/Workstation/sobatvc/app/Controllers/Pendaftaran.php(29): CodeIgniter\Model->insert()
#8 /home/rygba/Workstation/sobatvc/vendor/codeigniter4/framework/system/CodeIgniter.php(824): App\Controllers\Pendaftaran->adddata()
#9 /home/rygba/Workstation/sobatvc/vendor/codeigniter4/framework/system/CodeIgniter.php(410): CodeIgniter\CodeIgniter->runController()
#10 /home/rygba/Workstation/sobatvc/vendor/codeigniter4/framework/system/CodeIgniter.php(318): CodeIgniter\CodeIgniter->handleRequest()
#11 /home/rygba/Workstation/sobatvc/public/index.php(37): CodeIgniter\CodeIgniter->run()
#12 /home/rygba/Workstation/sobatvc/vendor/codeigniter4/framework/system/Commands/Server/rewrite.php(43): require_once('...')
#13 {main}
ERROR - 2021-12-01 08:52:26 --> Cannot add or update a child row: a foreign key constraint fails (`sobatvc`.`users`, CONSTRAINT `fk_users_roleuser` FOREIGN KEY (`idroleuser`) REFERENCES `roleuser` (`idroleuser`) ON DELETE NO ACTION ON UPDATE NO ACTION)
CRITICAL - 2021-12-01 08:52:26 --> Cannot add or update a child row: a foreign key constraint fails (`sobatvc`.`users`, CONSTRAINT `fk_users_roleuser` FOREIGN KEY (`idroleuser`) REFERENCES `roleuser` (`idroleuser`) ON DELETE NO ACTION ON UPDATE NO ACTION)
#0 /home/rygba/Workstation/sobatvc/vendor/codeigniter4/framework/system/Database/MySQLi/Connection.php(292): mysqli->query()
#1 /home/rygba/Workstation/sobatvc/vendor/codeigniter4/framework/system/Database/BaseConnection.php(670): CodeIgniter\Database\MySQLi\Connection->execute()
#2 /home/rygba/Workstation/sobatvc/vendor/codeigniter4/framework/system/Database/BaseConnection.php(598): CodeIgniter\Database\BaseConnection->simpleQuery()
#3 /home/rygba/Workstation/sobatvc/vendor/codeigniter4/framework/system/Database/BaseBuilder.php(1759): CodeIgniter\Database\BaseConnection->query()
#4 /home/rygba/Workstation/sobatvc/vendor/codeigniter4/framework/system/Model.php(239): CodeIgniter\Database\BaseBuilder->insert()
#5 /home/rygba/Workstation/sobatvc/vendor/codeigniter4/framework/system/BaseModel.php(738): CodeIgniter\Model->doInsert()
#6 /home/rygba/Workstation/sobatvc/vendor/codeigniter4/framework/system/Model.php(620): CodeIgniter\BaseModel->insert()
#7 /home/rygba/Workstation/sobatvc/app/Controllers/Pendaftaran.php(29): CodeIgniter\Model->insert()
#8 /home/rygba/Workstation/sobatvc/vendor/codeigniter4/framework/system/CodeIgniter.php(824): App\Controllers\Pendaftaran->adddata()
#9 /home/rygba/Workstation/sobatvc/vendor/codeigniter4/framework/system/CodeIgniter.php(410): CodeIgniter\CodeIgniter->runController()
#10 /home/rygba/Workstation/sobatvc/vendor/codeigniter4/framework/system/CodeIgniter.php(318): CodeIgniter\CodeIgniter->handleRequest()
#11 /home/rygba/Workstation/sobatvc/public/index.php(37): CodeIgniter\CodeIgniter->run()
#12 /home/rygba/Workstation/sobatvc/vendor/codeigniter4/framework/system/Commands/Server/rewrite.php(43): require_once('...')
#13 {main}
ERROR - 2021-12-01 12:25:34 --> Unknown column 'user' in 'where clause'
CRITICAL - 2021-12-01 12:25:34 --> Unknown column 'user' in 'where clause'
#0 /home/rygba/Workstation/sobatvc/vendor/codeigniter4/framework/system/Database/MySQLi/Connection.php(292): mysqli->query()
#1 /home/rygba/Workstation/sobatvc/vendor/codeigniter4/framework/system/Database/BaseConnection.php(670): CodeIgniter\Database\MySQLi\Connection->execute()
#2 /home/rygba/Workstation/sobatvc/vendor/codeigniter4/framework/system/Database/BaseConnection.php(598): CodeIgniter\Database\BaseConnection->simpleQuery()
#3 /home/rygba/Workstation/sobatvc/vendor/codeigniter4/framework/system/Database/BaseBuilder.php(1443): CodeIgniter\Database\BaseConnection->query()
#4 /home/rygba/Workstation/sobatvc/vendor/codeigniter4/framework/system/Model.php(210): CodeIgniter\Database\BaseBuilder->get()
#5 /home/rygba/Workstation/sobatvc/vendor/codeigniter4/framework/system/BaseModel.php(622): CodeIgniter\Model->doFirst()
#6 /home/rygba/Workstation/sobatvc/app/Controllers/Auth.php(27): CodeIgniter\BaseModel->first()
#7 /home/rygba/Workstation/sobatvc/vendor/codeigniter4/framework/system/CodeIgniter.php(824): App\Controllers\Auth->login()
#8 /home/rygba/Workstation/sobatvc/vendor/codeigniter4/framework/system/CodeIgniter.php(410): CodeIgniter\CodeIgniter->runController()
#9 /home/rygba/Workstation/sobatvc/vendor/codeigniter4/framework/system/CodeIgniter.php(318): CodeIgniter\CodeIgniter->handleRequest()
#10 /home/rygba/Workstation/sobatvc/public/index.php(37): CodeIgniter\CodeIgniter->run()
#11 /home/rygba/Workstation/sobatvc/vendor/codeigniter4/framework/system/Commands/Server/rewrite.php(43): require_once('...')
#12 {main}
CRITICAL - 2021-12-01 12:33:33 --> Undefined property: Config\App::$indexPage
#0 /home/rygba/Workstation/sobatvc/vendor/codeigniter4/framework/system/Helpers/url_helper.php(51): CodeIgniter\Debug\Exceptions->errorHandler()
#1 /home/rygba/Workstation/sobatvc/vendor/codeigniter4/framework/system/Helpers/url_helper.php(133): _get_uri()
#2 /home/rygba/Workstation/sobatvc/vendor/codeigniter4/framework/system/Debug/Toolbar.php(78): current_url()
#3 /home/rygba/Workstation/sobatvc/vendor/codeigniter4/framework/system/Debug/Toolbar.php(364): CodeIgniter\Debug\Toolbar->run()
#4 /home/rygba/Workstation/sobatvc/vendor/codeigniter4/framework/system/Filters/DebugToolbar.php(40): CodeIgniter\Debug\Toolbar->prepare()
#5 /home/rygba/Workstation/sobatvc/vendor/codeigniter4/framework/system/Filters/Filters.php(196): CodeIgniter\Filters\DebugToolbar->after()
#6 /home/rygba/Workstation/sobatvc/vendor/codeigniter4/framework/system/CodeIgniter.php(427): CodeIgniter\Filters\Filters->run()
#7 /home/rygba/Workstation/sobatvc/vendor/codeigniter4/framework/system/CodeIgniter.php(318): CodeIgniter\CodeIgniter->handleRequest()
#8 /home/rygba/Workstation/sobatvc/public/index.php(37): CodeIgniter\CodeIgniter->run()
#9 /home/rygba/Workstation/sobatvc/vendor/codeigniter4/framework/system/Commands/Server/rewrite.php(43): require_once('...')
#10 {main}
CRITICAL - 2021-12-01 12:35:23 --> auth/login filter must have a matching alias defined.
#0 /home/rygba/Workstation/sobatvc/vendor/codeigniter4/framework/system/Filters/Filters.php(496): CodeIgniter\Filters\Exceptions\FilterException::forNoAlias()
#1 /home/rygba/Workstation/sobatvc/vendor/codeigniter4/framework/system/Filters/Filters.php(243): CodeIgniter\Filters\Filters->processAliasesToClass()
#2 /home/rygba/Workstation/sobatvc/vendor/codeigniter4/framework/system/Filters/Filters.php(163): CodeIgniter\Filters\Filters->initialize()
#3 /home/rygba/Workstation/sobatvc/vendor/codeigniter4/framework/system/CodeIgniter.php(384): CodeIgniter\Filters\Filters->run()
#4 /home/rygba/Workstation/sobatvc/vendor/codeigniter4/framework/system/CodeIgniter.php(318): CodeIgniter\CodeIgniter->handleRequest()
#5 /home/rygba/Workstation/sobatvc/public/index.php(37): CodeIgniter\CodeIgniter->run()
#6 /home/rygba/Workstation/sobatvc/vendor/codeigniter4/framework/system/Commands/Server/rewrite.php(43): require_once('...')
#7 {main}
CRITICAL - 2021-12-01 12:38:08 --> auth/login filter must have a matching alias defined.
#0 /home/rygba/Workstation/sobatvc/vendor/codeigniter4/framework/system/Filters/Filters.php(496): CodeIgniter\Filters\Exceptions\FilterException::forNoAlias()
#1 /home/rygba/Workstation/sobatvc/vendor/codeigniter4/framework/system/Filters/Filters.php(243): CodeIgniter\Filters\Filters->processAliasesToClass()
#2 /home/rygba/Workstation/sobatvc/vendor/codeigniter4/framework/system/Filters/Filters.php(163): CodeIgniter\Filters\Filters->initialize()
#3 /home/rygba/Workstation/sobatvc/vendor/codeigniter4/framework/system/CodeIgniter.php(384): CodeIgniter\Filters\Filters->run()
#4 /home/rygba/Workstation/sobatvc/vendor/codeigniter4/framework/system/CodeIgniter.php(318): CodeIgniter\CodeIgniter->handleRequest()
#5 /home/rygba/Workstation/sobatvc/public/index.php(37): CodeIgniter\CodeIgniter->run()
#6 /home/rygba/Workstation/sobatvc/vendor/codeigniter4/framework/system/Commands/Server/rewrite.php(43): require_once('...')
#7 {main}
CRITICAL - 2021-12-01 12:38:22 --> auth/login filter must have a matching alias defined.
#0 /home/rygba/Workstation/sobatvc/vendor/codeigniter4/framework/system/Filters/Filters.php(496): CodeIgniter\Filters\Exceptions\FilterException::forNoAlias()
#1 /home/rygba/Workstation/sobatvc/vendor/codeigniter4/framework/system/Filters/Filters.php(243): CodeIgniter\Filters\Filters->processAliasesToClass()
#2 /home/rygba/Workstation/sobatvc/vendor/codeigniter4/framework/system/Filters/Filters.php(163): CodeIgniter\Filters\Filters->initialize()
#3 /home/rygba/Workstation/sobatvc/vendor/codeigniter4/framework/system/CodeIgniter.php(384): CodeIgniter\Filters\Filters->run()
#4 /home/rygba/Workstation/sobatvc/vendor/codeigniter4/framework/system/CodeIgniter.php(318): CodeIgniter\CodeIgniter->handleRequest()
#5 /home/rygba/Workstation/sobatvc/public/index.php(37): CodeIgniter\CodeIgniter->run()
#6 /home/rygba/Workstation/sobatvc/vendor/codeigniter4/framework/system/Commands/Server/rewrite.php(43): require_once('...')
#7 {main}
CRITICAL - 2021-12-01 12:41:10 --> Cannot declare class App\Controllers\Admin\Home, because the name is already in use
#0 [internal function]: CodeIgniter\Debug\Exceptions->shutdownHandler()
#1 {main}
CRITICAL - 2021-12-01 12:48:52 --> Undefined array key "namasales"
#0 /home/rygba/Workstation/sobatvc/app/Views/Sales/component/Sidebar.php(17): CodeIgniter\Debug\Exceptions->errorHandler()
#1 /home/rygba/Workstation/sobatvc/vendor/codeigniter4/framework/system/View/View.php(214): include('...')
#2 /home/rygba/Workstation/sobatvc/vendor/codeigniter4/framework/system/View/View.php(217): CodeIgniter\View\View->CodeIgniter\View\{closure}()
#3 /home/rygba/Workstation/sobatvc/vendor/codeigniter4/framework/system/Common.php(1097): CodeIgniter\View\View->render()
#4 /home/rygba/Workstation/sobatvc/app/Controllers/Sales/Home.php(19): view()
#5 /home/rygba/Workstation/sobatvc/vendor/codeigniter4/framework/system/CodeIgniter.php(824): App\Controllers\Sales\Home->index()
#6 /home/rygba/Workstation/sobatvc/vendor/codeigniter4/framework/system/CodeIgniter.php(410): CodeIgniter\CodeIgniter->runController()
#7 /home/rygba/Workstation/sobatvc/vendor/codeigniter4/framework/system/CodeIgniter.php(318): CodeIgniter\CodeIgniter->handleRequest()
#8 /home/rygba/Workstation/sobatvc/public/index.php(37): CodeIgniter\CodeIgniter->run()
#9 /home/rygba/Workstation/sobatvc/vendor/codeigniter4/framework/system/Commands/Server/rewrite.php(43): require_once('...')
#10 {main}
CRITICAL - 2021-12-01 12:50:23 --> Cannot use object of type App\Models\Users as array
#0 /home/rygba/Workstation/sobatvc/vendor/codeigniter4/framework/system/View/View.php(214): include()
#1 /home/rygba/Workstation/sobatvc/vendor/codeigniter4/framework/system/View/View.php(217): CodeIgniter\View\View->CodeIgniter\View\{closure}()
#2 /home/rygba/Workstation/sobatvc/vendor/codeigniter4/framework/system/Common.php(1097): CodeIgniter\View\View->render()
#3 /home/rygba/Workstation/sobatvc/app/Controllers/Sales/Home.php(19): view()
#4 /home/rygba/Workstation/sobatvc/vendor/codeigniter4/framework/system/CodeIgniter.php(824): App\Controllers\Sales\Home->index()
#5 /home/rygba/Workstation/sobatvc/vendor/codeigniter4/framework/system/CodeIgniter.php(410): CodeIgniter\CodeIgniter->runController()
#6 /home/rygba/Workstation/sobatvc/vendor/codeigniter4/framework/system/CodeIgniter.php(318): CodeIgniter\CodeIgniter->handleRequest()
#7 /home/rygba/Workstation/sobatvc/public/index.php(37): CodeIgniter\CodeIgniter->run()
#8 /home/rygba/Workstation/sobatvc/vendor/codeigniter4/framework/system/Commands/Server/rewrite.php(43): require_once('...')
#9 {main}
CRITICAL - 2021-12-01 12:52:29 --> Object of class App\Models\Users could not be converted to string
#0 /home/rygba/Workstation/sobatvc/vendor/codeigniter4/framework/system/View/View.php(214): include()
#1 /home/rygba/Workstation/sobatvc/vendor/codeigniter4/framework/system/View/View.php(217): CodeIgniter\View\View->CodeIgniter\View\{closure}()
#2 /home/rygba/Workstation/sobatvc/vendor/codeigniter4/framework/system/Common.php(1097): CodeIgniter\View\View->render()
#3 /home/rygba/Workstation/sobatvc/app/Controllers/Sales/Home.php(19): view()
#4 /home/rygba/Workstation/sobatvc/vendor/codeigniter4/framework/system/CodeIgniter.php(824): App\Controllers\Sales\Home->index()
#5 /home/rygba/Workstation/sobatvc/vendor/codeigniter4/framework/system/CodeIgniter.php(410): CodeIgniter\CodeIgniter->runController()
#6 /home/rygba/Workstation/sobatvc/vendor/codeigniter4/framework/system/CodeIgniter.php(318): CodeIgniter\CodeIgniter->handleRequest()
#7 /home/rygba/Workstation/sobatvc/public/index.php(37): CodeIgniter\CodeIgniter->run()
#8 /home/rygba/Workstation/sobatvc/vendor/codeigniter4/framework/system/Commands/Server/rewrite.php(43): require_once('...')
#9 {main}
CRITICAL - 2021-12-01 12:58:43 --> Undefined property: CodeIgniter\View\View::$session
#0 /home/rygba/Workstation/sobatvc/app/Views/Sales/component/Sidebar.php(17): CodeIgniter\Debug\Exceptions->errorHandler()
#1 /home/rygba/Workstation/sobatvc/vendor/codeigniter4/framework/system/View/View.php(214): include('...')
#2 /home/rygba/Workstation/sobatvc/vendor/codeigniter4/framework/system/View/View.php(217): CodeIgniter\View\View->CodeIgniter\View\{closure}()
#3 /home/rygba/Workstation/sobatvc/vendor/codeigniter4/framework/system/Common.php(1097): CodeIgniter\View\View->render()
#4 /home/rygba/Workstation/sobatvc/app/Controllers/Sales/Home.php(19): view()
#5 /home/rygba/Workstation/sobatvc/vendor/codeigniter4/framework/system/CodeIgniter.php(824): App\Controllers\Sales\Home->index()
#6 /home/rygba/Workstation/sobatvc/vendor/codeigniter4/framework/system/CodeIgniter.php(410): CodeIgniter\CodeIgniter->runController()
#7 /home/rygba/Workstation/sobatvc/vendor/codeigniter4/framework/system/CodeIgniter.php(318): CodeIgniter\CodeIgniter->handleRequest()
#8 /home/rygba/Workstation/sobatvc/public/index.php(37): CodeIgniter\CodeIgniter->run()
#9 /home/rygba/Workstation/sobatvc/vendor/codeigniter4/framework/system/Commands/Server/rewrite.php(43): require_once('...')
#10 {main}
CRITICAL - 2021-12-01 13:02:37 --> Object of class App\Models\Users could not be converted to string
#0 /home/rygba/Workstation/sobatvc/vendor/codeigniter4/framework/system/View/View.php(214): include()
#1 /home/rygba/Workstation/sobatvc/vendor/codeigniter4/framework/system/View/View.php(217): CodeIgniter\View\View->CodeIgniter\View\{closure}()
#2 /home/rygba/Workstation/sobatvc/vendor/codeigniter4/framework/system/Common.php(1097): CodeIgniter\View\View->render()
#3 /home/rygba/Workstation/sobatvc/app/Controllers/Sales/Home.php(19): view()
#4 /home/rygba/Workstation/sobatvc/vendor/codeigniter4/framework/system/CodeIgniter.php(824): App\Controllers\Sales\Home->index()
#5 /home/rygba/Workstation/sobatvc/vendor/codeigniter4/framework/system/CodeIgniter.php(410): CodeIgniter\CodeIgniter->runController()
#6 /home/rygba/Workstation/sobatvc/vendor/codeigniter4/framework/system/CodeIgniter.php(318): CodeIgniter\CodeIgniter->handleRequest()
#7 /home/rygba/Workstation/sobatvc/public/index.php(37): CodeIgniter\CodeIgniter->run()
#8 /home/rygba/Workstation/sobatvc/vendor/codeigniter4/framework/system/Commands/Server/rewrite.php(43): require_once('...')
#9 {main}
CRITICAL - 2021-12-01 13:05:19 --> Object of class App\Models\Users could not be converted to string
#0 /home/rygba/Workstation/sobatvc/vendor/codeigniter4/framework/system/View/View.php(214): include()
#1 /home/rygba/Workstation/sobatvc/vendor/codeigniter4/framework/system/View/View.php(217): CodeIgniter\View\View->CodeIgniter\View\{closure}()
#2 /home/rygba/Workstation/sobatvc/vendor/codeigniter4/framework/system/Common.php(1097): CodeIgniter\View\View->render()
#3 /home/rygba/Workstation/sobatvc/app/Controllers/Sales/Home.php(19): view()
#4 /home/rygba/Workstation/sobatvc/vendor/codeigniter4/framework/system/CodeIgniter.php(824): App\Controllers\Sales\Home->index()
#5 /home/rygba/Workstation/sobatvc/vendor/codeigniter4/framework/system/CodeIgniter.php(410): CodeIgniter\CodeIgniter->runController()
#6 /home/rygba/Workstation/sobatvc/vendor/codeigniter4/framework/system/CodeIgniter.php(318): CodeIgniter\CodeIgniter->handleRequest()
#7 /home/rygba/Workstation/sobatvc/public/index.php(37): CodeIgniter\CodeIgniter->run()
#8 /home/rygba/Workstation/sobatvc/vendor/codeigniter4/framework/system/Commands/Server/rewrite.php(43): require_once('...')
#9 {main}
CRITICAL - 2021-12-01 13:06:36 --> Undefined variable $data
#0 /home/rygba/Workstation/sobatvc/app/Views/Sales/component/Sidebar.php(17): CodeIgniter\Debug\Exceptions->errorHandler()
#1 /home/rygba/Workstation/sobatvc/vendor/codeigniter4/framework/system/View/View.php(214): include('...')
#2 /home/rygba/Workstation/sobatvc/vendor/codeigniter4/framework/system/View/View.php(217): CodeIgniter\View\View->CodeIgniter\View\{closure}()
#3 /home/rygba/Workstation/sobatvc/vendor/codeigniter4/framework/system/Common.php(1097): CodeIgniter\View\View->render()
#4 /home/rygba/Workstation/sobatvc/app/Controllers/Sales/Home.php(19): view()
#5 /home/rygba/Workstation/sobatvc/vendor/codeigniter4/framework/system/CodeIgniter.php(824): App\Controllers\Sales\Home->index()
#6 /home/rygba/Workstation/sobatvc/vendor/codeigniter4/framework/system/CodeIgniter.php(410): CodeIgniter\CodeIgniter->runController()
#7 /home/rygba/Workstation/sobatvc/vendor/codeigniter4/framework/system/CodeIgniter.php(318): CodeIgniter\CodeIgniter->handleRequest()
#8 /home/rygba/Workstation/sobatvc/public/index.php(37): CodeIgniter\CodeIgniter->run()
#9 /home/rygba/Workstation/sobatvc/vendor/codeigniter4/framework/system/Commands/Server/rewrite.php(43): require_once('...')
#10 {main}
CRITICAL - 2021-12-01 13:06:59 --> view(): Argument #2 ($data) must be of type array, App\Models\Users given, called in /home/rygba/Workstation/sobatvc/app/Controllers/Sales/Home.php on line 19
#0 /home/rygba/Workstation/sobatvc/app/Controllers/Sales/Home.php(19): view()
#1 /home/rygba/Workstation/sobatvc/vendor/codeigniter4/framework/system/CodeIgniter.php(824): App\Controllers\Sales\Home->index()
#2 /home/rygba/Workstation/sobatvc/vendor/codeigniter4/framework/system/CodeIgniter.php(410): CodeIgniter\CodeIgniter->runController()
#3 /home/rygba/Workstation/sobatvc/vendor/codeigniter4/framework/system/CodeIgniter.php(318): CodeIgniter\CodeIgniter->handleRequest()
#4 /home/rygba/Workstation/sobatvc/public/index.php(37): CodeIgniter\CodeIgniter->run()
#5 /home/rygba/Workstation/sobatvc/vendor/codeigniter4/framework/system/Commands/Server/rewrite.php(43): require_once('...')
#6 {main}
CRITICAL - 2021-12-01 13:08:34 --> Attempt to read property "namasales" on null
#0 /home/rygba/Workstation/sobatvc/app/Controllers/Sales/Home.php(17): CodeIgniter\Debug\Exceptions->errorHandler()
#1 /home/rygba/Workstation/sobatvc/vendor/codeigniter4/framework/system/CodeIgniter.php(824): App\Controllers\Sales\Home->index()
#2 /home/rygba/Workstation/sobatvc/vendor/codeigniter4/framework/system/CodeIgniter.php(410): CodeIgniter\CodeIgniter->runController()
#3 /home/rygba/Workstation/sobatvc/vendor/codeigniter4/framework/system/CodeIgniter.php(318): CodeIgniter\CodeIgniter->handleRequest()
#4 /home/rygba/Workstation/sobatvc/public/index.php(37): CodeIgniter\CodeIgniter->run()
#5 /home/rygba/Workstation/sobatvc/vendor/codeigniter4/framework/system/Commands/Server/rewrite.php(43): require_once('...')
#6 {main}
CRITICAL - 2021-12-01 13:09:09 --> Attempt to read property "namasales" on array
#0 /home/rygba/Workstation/sobatvc/app/Controllers/Sales/Home.php(17): CodeIgniter\Debug\Exceptions->errorHandler()
#1 /home/rygba/Workstation/sobatvc/vendor/codeigniter4/framework/system/CodeIgniter.php(824): App\Controllers\Sales\Home->index()
#2 /home/rygba/Workstation/sobatvc/vendor/codeigniter4/framework/system/CodeIgniter.php(410): CodeIgniter\CodeIgniter->runController()
#3 /home/rygba/Workstation/sobatvc/vendor/codeigniter4/framework/system/CodeIgniter.php(318): CodeIgniter\CodeIgniter->handleRequest()
#4 /home/rygba/Workstation/sobatvc/public/index.php(37): CodeIgniter\CodeIgniter->run()
#5 /home/rygba/Workstation/sobatvc/vendor/codeigniter4/framework/system/Commands/Server/rewrite.php(43): require_once('...')
#6 {main}
CRITICAL - 2021-12-01 13:09:21 --> Attempt to read property "namasales" on null
#0 /home/rygba/Workstation/sobatvc/app/Controllers/Sales/Home.php(17): CodeIgniter\Debug\Exceptions->errorHandler()
#1 /home/rygba/Workstation/sobatvc/vendor/codeigniter4/framework/system/CodeIgniter.php(824): App\Controllers\Sales\Home->index()
#2 /home/rygba/Workstation/sobatvc/vendor/codeigniter4/framework/system/CodeIgniter.php(410): CodeIgniter\CodeIgniter->runController()
#3 /home/rygba/Workstation/sobatvc/vendor/codeigniter4/framework/system/CodeIgniter.php(318): CodeIgniter\CodeIgniter->handleRequest()
#4 /home/rygba/Workstation/sobatvc/public/index.php(37): CodeIgniter\CodeIgniter->run()
#5 /home/rygba/Workstation/sobatvc/vendor/codeigniter4/framework/system/Commands/Server/rewrite.php(43): require_once('...')
#6 {main}
CRITICAL - 2021-12-01 13:10:12 --> Attempt to read property "namasales" on null
#0 /home/rygba/Workstation/sobatvc/app/Controllers/Sales/Home.php(17): CodeIgniter\Debug\Exceptions->errorHandler()
#1 /home/rygba/Workstation/sobatvc/vendor/codeigniter4/framework/system/CodeIgniter.php(824): App\Controllers\Sales\Home->index()
#2 /home/rygba/Workstation/sobatvc/vendor/codeigniter4/framework/system/CodeIgniter.php(410): CodeIgniter\CodeIgniter->runController()
#3 /home/rygba/Workstation/sobatvc/vendor/codeigniter4/framework/system/CodeIgniter.php(318): CodeIgniter\CodeIgniter->handleRequest()
#4 /home/rygba/Workstation/sobatvc/public/index.php(37): CodeIgniter\CodeIgniter->run()
#5 /home/rygba/Workstation/sobatvc/vendor/codeigniter4/framework/system/Commands/Server/rewrite.php(43): require_once('...')
#6 {main}
