CRITICAL - 2021-12-04 02:30:20 --> Cannot declare class App\Controllers\TbSales, because the name is already in use
#0 [internal function]: CodeIgniter\Debug\Exceptions->shutdownHandler()
#1 {main}
CRITICAL - 2021-12-04 02:30:38 --> Cannot declare class App\Controllers\TbSales, because the name is already in use
#0 [internal function]: CodeIgniter\Debug\Exceptions->shutdownHandler()
#1 {main}
CRITICAL - 2021-12-04 02:31:04 --> Cannot declare class App\Controllers\TbSales, because the name is already in use
#0 [internal function]: CodeIgniter\Debug\Exceptions->shutdownHandler()
#1 {main}
CRITICAL - 2021-12-04 02:34:01 --> Cannot declare class App\Controllers\TbSales, because the name is already in use
#0 [internal function]: CodeIgniter\Debug\Exceptions->shutdownHandler()
#1 {main}
CRITICAL - 2021-12-04 02:34:06 --> Cannot declare class App\Controllers\TbSales, because the name is already in use
#0 [internal function]: CodeIgniter\Debug\Exceptions->shutdownHandler()
#1 {main}
CRITICAL - 2021-12-04 06:51:38 --> Cannot declare class App\Controllers\TbSales, because the name is already in use
#0 [internal function]: CodeIgniter\Debug\Exceptions->shutdownHandler()
#1 {main}
CRITICAL - 2021-12-04 06:55:18 --> Cannot declare class App\Controllers\TabelSales, because the name is already in use
#0 [internal function]: CodeIgniter\Debug\Exceptions->shutdownHandler()
#1 {main}
CRITICAL - 2021-12-04 07:19:19 --> Trying to access array offset on value of type null
#0 /home/rygba/Workstation/sobatvc/app/Views/Admin/tbSales.php(32): CodeIgniter\Debug\Exceptions->errorHandler()
#1 /home/rygba/Workstation/sobatvc/vendor/codeigniter4/framework/system/View/View.php(214): include('...')
#2 /home/rygba/Workstation/sobatvc/vendor/codeigniter4/framework/system/View/View.php(217): CodeIgniter\View\View->CodeIgniter\View\{closure}()
#3 /home/rygba/Workstation/sobatvc/vendor/codeigniter4/framework/system/Common.php(1097): CodeIgniter\View\View->render()
#4 /home/rygba/Workstation/sobatvc/app/Controllers/Admin/TabelSales.php(16): view()
#5 /home/rygba/Workstation/sobatvc/vendor/codeigniter4/framework/system/CodeIgniter.php(824): App\Controllers\Admin\TabelSales->index()
#6 /home/rygba/Workstation/sobatvc/vendor/codeigniter4/framework/system/CodeIgniter.php(410): CodeIgniter\CodeIgniter->runController()
#7 /home/rygba/Workstation/sobatvc/vendor/codeigniter4/framework/system/CodeIgniter.php(318): CodeIgniter\CodeIgniter->handleRequest()
#8 /home/rygba/Workstation/sobatvc/public/index.php(37): CodeIgniter\CodeIgniter->run()
#9 /home/rygba/Workstation/sobatvc/vendor/codeigniter4/framework/system/Commands/Server/rewrite.php(43): require_once('...')
#10 {main}
CRITICAL - 2021-12-04 08:16:10 --> Trying to access array offset on value of type null
#0 /home/rygba/Workstation/sobatvc/app/Views/Admin/tbSales.php(32): CodeIgniter\Debug\Exceptions->errorHandler()
#1 /home/rygba/Workstation/sobatvc/vendor/codeigniter4/framework/system/View/View.php(214): include('...')
#2 /home/rygba/Workstation/sobatvc/vendor/codeigniter4/framework/system/View/View.php(217): CodeIgniter\View\View->CodeIgniter\View\{closure}()
#3 /home/rygba/Workstation/sobatvc/vendor/codeigniter4/framework/system/Common.php(1097): CodeIgniter\View\View->render()
#4 /home/rygba/Workstation/sobatvc/app/Controllers/Admin/TabelSales.php(16): view()
#5 /home/rygba/Workstation/sobatvc/vendor/codeigniter4/framework/system/CodeIgniter.php(824): App\Controllers\Admin\TabelSales->index()
#6 /home/rygba/Workstation/sobatvc/vendor/codeigniter4/framework/system/CodeIgniter.php(410): CodeIgniter\CodeIgniter->runController()
#7 /home/rygba/Workstation/sobatvc/vendor/codeigniter4/framework/system/CodeIgniter.php(318): CodeIgniter\CodeIgniter->handleRequest()
#8 /home/rygba/Workstation/sobatvc/public/index.php(37): CodeIgniter\CodeIgniter->run()
#9 /home/rygba/Workstation/sobatvc/vendor/codeigniter4/framework/system/Commands/Server/rewrite.php(43): require_once('...')
#10 {main}
CRITICAL - 2021-12-04 08:16:47 --> Trying to access array offset on value of type null
#0 /home/rygba/Workstation/sobatvc/app/Views/Admin/tbSales.php(32): CodeIgniter\Debug\Exceptions->errorHandler()
#1 /home/rygba/Workstation/sobatvc/vendor/codeigniter4/framework/system/View/View.php(214): include('...')
#2 /home/rygba/Workstation/sobatvc/vendor/codeigniter4/framework/system/View/View.php(217): CodeIgniter\View\View->CodeIgniter\View\{closure}()
#3 /home/rygba/Workstation/sobatvc/vendor/codeigniter4/framework/system/Common.php(1097): CodeIgniter\View\View->render()
#4 /home/rygba/Workstation/sobatvc/app/Controllers/Admin/TabelSales.php(16): view()
#5 /home/rygba/Workstation/sobatvc/vendor/codeigniter4/framework/system/CodeIgniter.php(824): App\Controllers\Admin\TabelSales->index()
#6 /home/rygba/Workstation/sobatvc/vendor/codeigniter4/framework/system/CodeIgniter.php(410): CodeIgniter\CodeIgniter->runController()
#7 /home/rygba/Workstation/sobatvc/vendor/codeigniter4/framework/system/CodeIgniter.php(318): CodeIgniter\CodeIgniter->handleRequest()
#8 /home/rygba/Workstation/sobatvc/public/index.php(37): CodeIgniter\CodeIgniter->run()
#9 /home/rygba/Workstation/sobatvc/vendor/codeigniter4/framework/system/Commands/Server/rewrite.php(43): require_once('...')
#10 {main}
CRITICAL - 2021-12-04 08:18:04 --> Trying to access array offset on value of type null
#0 /home/rygba/Workstation/sobatvc/app/Views/Admin/tbSales.php(32): CodeIgniter\Debug\Exceptions->errorHandler()
#1 /home/rygba/Workstation/sobatvc/vendor/codeigniter4/framework/system/View/View.php(214): include('...')
#2 /home/rygba/Workstation/sobatvc/vendor/codeigniter4/framework/system/View/View.php(217): CodeIgniter\View\View->CodeIgniter\View\{closure}()
#3 /home/rygba/Workstation/sobatvc/vendor/codeigniter4/framework/system/Common.php(1097): CodeIgniter\View\View->render()
#4 /home/rygba/Workstation/sobatvc/app/Controllers/Admin/TabelSales.php(16): view()
#5 /home/rygba/Workstation/sobatvc/vendor/codeigniter4/framework/system/CodeIgniter.php(824): App\Controllers\Admin\TabelSales->index()
#6 /home/rygba/Workstation/sobatvc/vendor/codeigniter4/framework/system/CodeIgniter.php(410): CodeIgniter\CodeIgniter->runController()
#7 /home/rygba/Workstation/sobatvc/vendor/codeigniter4/framework/system/CodeIgniter.php(318): CodeIgniter\CodeIgniter->handleRequest()
#8 /home/rygba/Workstation/sobatvc/public/index.php(37): CodeIgniter\CodeIgniter->run()
#9 /home/rygba/Workstation/sobatvc/vendor/codeigniter4/framework/system/Commands/Server/rewrite.php(43): require_once('...')
#10 {main}
CRITICAL - 2021-12-04 08:19:28 --> Trying to access array offset on value of type null
#0 /home/rygba/Workstation/sobatvc/app/Views/Admin/tbSales.php(32): CodeIgniter\Debug\Exceptions->errorHandler()
#1 /home/rygba/Workstation/sobatvc/vendor/codeigniter4/framework/system/View/View.php(214): include('...')
#2 /home/rygba/Workstation/sobatvc/vendor/codeigniter4/framework/system/View/View.php(217): CodeIgniter\View\View->CodeIgniter\View\{closure}()
#3 /home/rygba/Workstation/sobatvc/vendor/codeigniter4/framework/system/Common.php(1097): CodeIgniter\View\View->render()
#4 /home/rygba/Workstation/sobatvc/app/Controllers/Admin/TabelSales.php(16): view()
#5 /home/rygba/Workstation/sobatvc/vendor/codeigniter4/framework/system/CodeIgniter.php(824): App\Controllers\Admin\TabelSales->index()
#6 /home/rygba/Workstation/sobatvc/vendor/codeigniter4/framework/system/CodeIgniter.php(410): CodeIgniter\CodeIgniter->runController()
#7 /home/rygba/Workstation/sobatvc/vendor/codeigniter4/framework/system/CodeIgniter.php(318): CodeIgniter\CodeIgniter->handleRequest()
#8 /home/rygba/Workstation/sobatvc/public/index.php(37): CodeIgniter\CodeIgniter->run()
#9 /home/rygba/Workstation/sobatvc/vendor/codeigniter4/framework/system/Commands/Server/rewrite.php(43): require_once('...')
#10 {main}
CRITICAL - 2021-12-04 08:20:24 --> Trying to access array offset on value of type null
#0 /home/rygba/Workstation/sobatvc/app/Views/Admin/tbSales.php(32): CodeIgniter\Debug\Exceptions->errorHandler()
#1 /home/rygba/Workstation/sobatvc/vendor/codeigniter4/framework/system/View/View.php(214): include('...')
#2 /home/rygba/Workstation/sobatvc/vendor/codeigniter4/framework/system/View/View.php(217): CodeIgniter\View\View->CodeIgniter\View\{closure}()
#3 /home/rygba/Workstation/sobatvc/vendor/codeigniter4/framework/system/Common.php(1097): CodeIgniter\View\View->render()
#4 /home/rygba/Workstation/sobatvc/app/Controllers/Admin/TabelSales.php(16): view()
#5 /home/rygba/Workstation/sobatvc/vendor/codeigniter4/framework/system/CodeIgniter.php(824): App\Controllers\Admin\TabelSales->index()
#6 /home/rygba/Workstation/sobatvc/vendor/codeigniter4/framework/system/CodeIgniter.php(410): CodeIgniter\CodeIgniter->runController()
#7 /home/rygba/Workstation/sobatvc/vendor/codeigniter4/framework/system/CodeIgniter.php(318): CodeIgniter\CodeIgniter->handleRequest()
#8 /home/rygba/Workstation/sobatvc/public/index.php(37): CodeIgniter\CodeIgniter->run()
#9 /home/rygba/Workstation/sobatvc/vendor/codeigniter4/framework/system/Commands/Server/rewrite.php(43): require_once('...')
#10 {main}
CRITICAL - 2021-12-04 08:21:05 --> Trying to access array offset on value of type null
#0 /home/rygba/Workstation/sobatvc/app/Views/Admin/tbSales.php(32): CodeIgniter\Debug\Exceptions->errorHandler()
#1 /home/rygba/Workstation/sobatvc/vendor/codeigniter4/framework/system/View/View.php(214): include('...')
#2 /home/rygba/Workstation/sobatvc/vendor/codeigniter4/framework/system/View/View.php(217): CodeIgniter\View\View->CodeIgniter\View\{closure}()
#3 /home/rygba/Workstation/sobatvc/vendor/codeigniter4/framework/system/Common.php(1097): CodeIgniter\View\View->render()
#4 /home/rygba/Workstation/sobatvc/app/Controllers/Admin/TabelSales.php(16): view()
#5 /home/rygba/Workstation/sobatvc/vendor/codeigniter4/framework/system/CodeIgniter.php(824): App\Controllers\Admin\TabelSales->index()
#6 /home/rygba/Workstation/sobatvc/vendor/codeigniter4/framework/system/CodeIgniter.php(410): CodeIgniter\CodeIgniter->runController()
#7 /home/rygba/Workstation/sobatvc/vendor/codeigniter4/framework/system/CodeIgniter.php(318): CodeIgniter\CodeIgniter->handleRequest()
#8 /home/rygba/Workstation/sobatvc/public/index.php(37): CodeIgniter\CodeIgniter->run()
#9 /home/rygba/Workstation/sobatvc/vendor/codeigniter4/framework/system/Commands/Server/rewrite.php(43): require_once('...')
#10 {main}
CRITICAL - 2021-12-04 08:24:06 --> Trying to access array offset on value of type null
#0 /home/rygba/Workstation/sobatvc/app/Views/Admin/tbSales.php(32): CodeIgniter\Debug\Exceptions->errorHandler()
#1 /home/rygba/Workstation/sobatvc/vendor/codeigniter4/framework/system/View/View.php(214): include('...')
#2 /home/rygba/Workstation/sobatvc/vendor/codeigniter4/framework/system/View/View.php(217): CodeIgniter\View\View->CodeIgniter\View\{closure}()
#3 /home/rygba/Workstation/sobatvc/vendor/codeigniter4/framework/system/Common.php(1097): CodeIgniter\View\View->render()
#4 /home/rygba/Workstation/sobatvc/app/Controllers/Admin/TabelSales.php(16): view()
#5 /home/rygba/Workstation/sobatvc/vendor/codeigniter4/framework/system/CodeIgniter.php(824): App\Controllers\Admin\TabelSales->index()
#6 /home/rygba/Workstation/sobatvc/vendor/codeigniter4/framework/system/CodeIgniter.php(410): CodeIgniter\CodeIgniter->runController()
#7 /home/rygba/Workstation/sobatvc/vendor/codeigniter4/framework/system/CodeIgniter.php(318): CodeIgniter\CodeIgniter->handleRequest()
#8 /home/rygba/Workstation/sobatvc/public/index.php(37): CodeIgniter\CodeIgniter->run()
#9 /home/rygba/Workstation/sobatvc/vendor/codeigniter4/framework/system/Commands/Server/rewrite.php(43): require_once('...')
#10 {main}
CRITICAL - 2021-12-04 08:26:15 --> Trying to access array offset on value of type null
#0 /home/rygba/Workstation/sobatvc/app/Views/Admin/tbSales.php(32): CodeIgniter\Debug\Exceptions->errorHandler()
#1 /home/rygba/Workstation/sobatvc/vendor/codeigniter4/framework/system/View/View.php(214): include('...')
#2 /home/rygba/Workstation/sobatvc/vendor/codeigniter4/framework/system/View/View.php(217): CodeIgniter\View\View->CodeIgniter\View\{closure}()
#3 /home/rygba/Workstation/sobatvc/vendor/codeigniter4/framework/system/Common.php(1097): CodeIgniter\View\View->render()
#4 /home/rygba/Workstation/sobatvc/app/Controllers/Admin/TabelSales.php(16): view()
#5 /home/rygba/Workstation/sobatvc/vendor/codeigniter4/framework/system/CodeIgniter.php(824): App\Controllers\Admin\TabelSales->index()
#6 /home/rygba/Workstation/sobatvc/vendor/codeigniter4/framework/system/CodeIgniter.php(410): CodeIgniter\CodeIgniter->runController()
#7 /home/rygba/Workstation/sobatvc/vendor/codeigniter4/framework/system/CodeIgniter.php(318): CodeIgniter\CodeIgniter->handleRequest()
#8 /home/rygba/Workstation/sobatvc/public/index.php(37): CodeIgniter\CodeIgniter->run()
#9 /home/rygba/Workstation/sobatvc/vendor/codeigniter4/framework/system/Commands/Server/rewrite.php(43): require_once('...')
#10 {main}
CRITICAL - 2021-12-04 08:27:26 --> Trying to access array offset on value of type null
#0 /home/rygba/Workstation/sobatvc/app/Views/Admin/tbSales.php(32): CodeIgniter\Debug\Exceptions->errorHandler()
#1 /home/rygba/Workstation/sobatvc/vendor/codeigniter4/framework/system/View/View.php(214): include('...')
#2 /home/rygba/Workstation/sobatvc/vendor/codeigniter4/framework/system/View/View.php(217): CodeIgniter\View\View->CodeIgniter\View\{closure}()
#3 /home/rygba/Workstation/sobatvc/vendor/codeigniter4/framework/system/Common.php(1097): CodeIgniter\View\View->render()
#4 /home/rygba/Workstation/sobatvc/app/Controllers/Admin/TabelSales.php(16): view()
#5 /home/rygba/Workstation/sobatvc/vendor/codeigniter4/framework/system/CodeIgniter.php(824): App\Controllers\Admin\TabelSales->index()
#6 /home/rygba/Workstation/sobatvc/vendor/codeigniter4/framework/system/CodeIgniter.php(410): CodeIgniter\CodeIgniter->runController()
#7 /home/rygba/Workstation/sobatvc/vendor/codeigniter4/framework/system/CodeIgniter.php(318): CodeIgniter\CodeIgniter->handleRequest()
#8 /home/rygba/Workstation/sobatvc/public/index.php(37): CodeIgniter\CodeIgniter->run()
#9 /home/rygba/Workstation/sobatvc/vendor/codeigniter4/framework/system/Commands/Server/rewrite.php(43): require_once('...')
#10 {main}
CRITICAL - 2021-12-04 08:27:32 --> Trying to access array offset on value of type null
#0 /home/rygba/Workstation/sobatvc/app/Views/Admin/tbSales.php(32): CodeIgniter\Debug\Exceptions->errorHandler()
#1 /home/rygba/Workstation/sobatvc/vendor/codeigniter4/framework/system/View/View.php(214): include('...')
#2 /home/rygba/Workstation/sobatvc/vendor/codeigniter4/framework/system/View/View.php(217): CodeIgniter\View\View->CodeIgniter\View\{closure}()
#3 /home/rygba/Workstation/sobatvc/vendor/codeigniter4/framework/system/Common.php(1097): CodeIgniter\View\View->render()
#4 /home/rygba/Workstation/sobatvc/app/Controllers/Admin/TabelSales.php(16): view()
#5 /home/rygba/Workstation/sobatvc/vendor/codeigniter4/framework/system/CodeIgniter.php(824): App\Controllers\Admin\TabelSales->index()
#6 /home/rygba/Workstation/sobatvc/vendor/codeigniter4/framework/system/CodeIgniter.php(410): CodeIgniter\CodeIgniter->runController()
#7 /home/rygba/Workstation/sobatvc/vendor/codeigniter4/framework/system/CodeIgniter.php(318): CodeIgniter\CodeIgniter->handleRequest()
#8 /home/rygba/Workstation/sobatvc/public/index.php(37): CodeIgniter\CodeIgniter->run()
#9 /home/rygba/Workstation/sobatvc/vendor/codeigniter4/framework/system/Commands/Server/rewrite.php(43): require_once('...')
#10 {main}
CRITICAL - 2021-12-04 08:30:14 --> Trying to access array offset on value of type null
#0 /home/rygba/Workstation/sobatvc/app/Views/Admin/tbSales.php(32): CodeIgniter\Debug\Exceptions->errorHandler()
#1 /home/rygba/Workstation/sobatvc/vendor/codeigniter4/framework/system/View/View.php(214): include('...')
#2 /home/rygba/Workstation/sobatvc/vendor/codeigniter4/framework/system/View/View.php(217): CodeIgniter\View\View->CodeIgniter\View\{closure}()
#3 /home/rygba/Workstation/sobatvc/vendor/codeigniter4/framework/system/Common.php(1097): CodeIgniter\View\View->render()
#4 /home/rygba/Workstation/sobatvc/app/Controllers/Admin/TabelSales.php(16): view()
#5 /home/rygba/Workstation/sobatvc/vendor/codeigniter4/framework/system/CodeIgniter.php(824): App\Controllers\Admin\TabelSales->index()
#6 /home/rygba/Workstation/sobatvc/vendor/codeigniter4/framework/system/CodeIgniter.php(410): CodeIgniter\CodeIgniter->runController()
#7 /home/rygba/Workstation/sobatvc/vendor/codeigniter4/framework/system/CodeIgniter.php(318): CodeIgniter\CodeIgniter->handleRequest()
#8 /home/rygba/Workstation/sobatvc/public/index.php(37): CodeIgniter\CodeIgniter->run()
#9 /home/rygba/Workstation/sobatvc/vendor/codeigniter4/framework/system/Commands/Server/rewrite.php(43): require_once('...')
#10 {main}
CRITICAL - 2021-12-04 08:30:57 --> Trying to access array offset on value of type null
#0 /home/rygba/Workstation/sobatvc/app/Views/Admin/tbSales.php(32): CodeIgniter\Debug\Exceptions->errorHandler()
#1 /home/rygba/Workstation/sobatvc/vendor/codeigniter4/framework/system/View/View.php(214): include('...')
#2 /home/rygba/Workstation/sobatvc/vendor/codeigniter4/framework/system/View/View.php(217): CodeIgniter\View\View->CodeIgniter\View\{closure}()
#3 /home/rygba/Workstation/sobatvc/vendor/codeigniter4/framework/system/Common.php(1097): CodeIgniter\View\View->render()
#4 /home/rygba/Workstation/sobatvc/app/Controllers/Admin/TabelSales.php(16): view()
#5 /home/rygba/Workstation/sobatvc/vendor/codeigniter4/framework/system/CodeIgniter.php(824): App\Controllers\Admin\TabelSales->index()
#6 /home/rygba/Workstation/sobatvc/vendor/codeigniter4/framework/system/CodeIgniter.php(410): CodeIgniter\CodeIgniter->runController()
#7 /home/rygba/Workstation/sobatvc/vendor/codeigniter4/framework/system/CodeIgniter.php(318): CodeIgniter\CodeIgniter->handleRequest()
#8 /home/rygba/Workstation/sobatvc/public/index.php(37): CodeIgniter\CodeIgniter->run()
#9 /home/rygba/Workstation/sobatvc/vendor/codeigniter4/framework/system/Commands/Server/rewrite.php(43): require_once('...')
#10 {main}
CRITICAL - 2021-12-04 08:32:49 --> Call to a member function where() on null
#0 /home/rygba/Workstation/sobatvc/vendor/codeigniter4/framework/system/CodeIgniter.php(824): App\Controllers\Admin\TabelSales->index()
#1 /home/rygba/Workstation/sobatvc/vendor/codeigniter4/framework/system/CodeIgniter.php(410): CodeIgniter\CodeIgniter->runController()
#2 /home/rygba/Workstation/sobatvc/vendor/codeigniter4/framework/system/CodeIgniter.php(318): CodeIgniter\CodeIgniter->handleRequest()
#3 /home/rygba/Workstation/sobatvc/public/index.php(37): CodeIgniter\CodeIgniter->run()
#4 /home/rygba/Workstation/sobatvc/vendor/codeigniter4/framework/system/Commands/Server/rewrite.php(43): require_once('...')
#5 {main}
CRITICAL - 2021-12-04 08:35:48 --> Undefined array key "namasales"
#0 /home/rygba/Workstation/sobatvc/app/Views/Admin/tbSales.php(32): CodeIgniter\Debug\Exceptions->errorHandler()
#1 /home/rygba/Workstation/sobatvc/vendor/codeigniter4/framework/system/View/View.php(214): include('...')
#2 /home/rygba/Workstation/sobatvc/vendor/codeigniter4/framework/system/View/View.php(217): CodeIgniter\View\View->CodeIgniter\View\{closure}()
#3 /home/rygba/Workstation/sobatvc/vendor/codeigniter4/framework/system/Common.php(1097): CodeIgniter\View\View->render()
#4 /home/rygba/Workstation/sobatvc/app/Controllers/Admin/TabelSales.php(23): view()
#5 /home/rygba/Workstation/sobatvc/vendor/codeigniter4/framework/system/CodeIgniter.php(824): App\Controllers\Admin\TabelSales->index()
#6 /home/rygba/Workstation/sobatvc/vendor/codeigniter4/framework/system/CodeIgniter.php(410): CodeIgniter\CodeIgniter->runController()
#7 /home/rygba/Workstation/sobatvc/vendor/codeigniter4/framework/system/CodeIgniter.php(318): CodeIgniter\CodeIgniter->handleRequest()
#8 /home/rygba/Workstation/sobatvc/public/index.php(37): CodeIgniter\CodeIgniter->run()
#9 /home/rygba/Workstation/sobatvc/vendor/codeigniter4/framework/system/Commands/Server/rewrite.php(43): require_once('...')
#10 {main}
CRITICAL - 2021-12-04 08:36:59 --> Undefined array key "namasales"
#0 /home/rygba/Workstation/sobatvc/app/Views/Admin/tbSales.php(32): CodeIgniter\Debug\Exceptions->errorHandler()
#1 /home/rygba/Workstation/sobatvc/vendor/codeigniter4/framework/system/View/View.php(214): include('...')
#2 /home/rygba/Workstation/sobatvc/vendor/codeigniter4/framework/system/View/View.php(217): CodeIgniter\View\View->CodeIgniter\View\{closure}()
#3 /home/rygba/Workstation/sobatvc/vendor/codeigniter4/framework/system/Common.php(1097): CodeIgniter\View\View->render()
#4 /home/rygba/Workstation/sobatvc/app/Controllers/Admin/TabelSales.php(23): view()
#5 /home/rygba/Workstation/sobatvc/vendor/codeigniter4/framework/system/CodeIgniter.php(824): App\Controllers\Admin\TabelSales->index()
#6 /home/rygba/Workstation/sobatvc/vendor/codeigniter4/framework/system/CodeIgniter.php(410): CodeIgniter\CodeIgniter->runController()
#7 /home/rygba/Workstation/sobatvc/vendor/codeigniter4/framework/system/CodeIgniter.php(318): CodeIgniter\CodeIgniter->handleRequest()
#8 /home/rygba/Workstation/sobatvc/public/index.php(37): CodeIgniter\CodeIgniter->run()
#9 /home/rygba/Workstation/sobatvc/vendor/codeigniter4/framework/system/Commands/Server/rewrite.php(43): require_once('...')
#10 {main}
CRITICAL - 2021-12-04 08:38:07 --> Undefined array key "nohp"
#0 /home/rygba/Workstation/sobatvc/app/Views/Admin/tbSales.php(33): CodeIgniter\Debug\Exceptions->errorHandler()
#1 /home/rygba/Workstation/sobatvc/vendor/codeigniter4/framework/system/View/View.php(214): include('...')
#2 /home/rygba/Workstation/sobatvc/vendor/codeigniter4/framework/system/View/View.php(217): CodeIgniter\View\View->CodeIgniter\View\{closure}()
#3 /home/rygba/Workstation/sobatvc/vendor/codeigniter4/framework/system/Common.php(1097): CodeIgniter\View\View->render()
#4 /home/rygba/Workstation/sobatvc/app/Controllers/Admin/TabelSales.php(23): view()
#5 /home/rygba/Workstation/sobatvc/vendor/codeigniter4/framework/system/CodeIgniter.php(824): App\Controllers\Admin\TabelSales->index()
#6 /home/rygba/Workstation/sobatvc/vendor/codeigniter4/framework/system/CodeIgniter.php(410): CodeIgniter\CodeIgniter->runController()
#7 /home/rygba/Workstation/sobatvc/vendor/codeigniter4/framework/system/CodeIgniter.php(318): CodeIgniter\CodeIgniter->handleRequest()
#8 /home/rygba/Workstation/sobatvc/public/index.php(37): CodeIgniter\CodeIgniter->run()
#9 /home/rygba/Workstation/sobatvc/vendor/codeigniter4/framework/system/Commands/Server/rewrite.php(43): require_once('...')
#10 {main}
CRITICAL - 2021-12-04 08:39:23 --> Undefined array key "namasales"
#0 /home/rygba/Workstation/sobatvc/app/Views/Admin/tbSales.php(32): CodeIgniter\Debug\Exceptions->errorHandler()
#1 /home/rygba/Workstation/sobatvc/vendor/codeigniter4/framework/system/View/View.php(214): include('...')
#2 /home/rygba/Workstation/sobatvc/vendor/codeigniter4/framework/system/View/View.php(217): CodeIgniter\View\View->CodeIgniter\View\{closure}()
#3 /home/rygba/Workstation/sobatvc/vendor/codeigniter4/framework/system/Common.php(1097): CodeIgniter\View\View->render()
#4 /home/rygba/Workstation/sobatvc/app/Controllers/Admin/TabelSales.php(23): view()
#5 /home/rygba/Workstation/sobatvc/vendor/codeigniter4/framework/system/CodeIgniter.php(824): App\Controllers\Admin\TabelSales->index()
#6 /home/rygba/Workstation/sobatvc/vendor/codeigniter4/framework/system/CodeIgniter.php(410): CodeIgniter\CodeIgniter->runController()
#7 /home/rygba/Workstation/sobatvc/vendor/codeigniter4/framework/system/CodeIgniter.php(318): CodeIgniter\CodeIgniter->handleRequest()
#8 /home/rygba/Workstation/sobatvc/public/index.php(37): CodeIgniter\CodeIgniter->run()
#9 /home/rygba/Workstation/sobatvc/vendor/codeigniter4/framework/system/Commands/Server/rewrite.php(43): require_once('...')
#10 {main}
CRITICAL - 2021-12-04 08:41:53 --> Cannot access offset of type string on string
#0 /home/rygba/Workstation/sobatvc/vendor/codeigniter4/framework/system/View/View.php(214): include()
#1 /home/rygba/Workstation/sobatvc/vendor/codeigniter4/framework/system/View/View.php(217): CodeIgniter\View\View->CodeIgniter\View\{closure}()
#2 /home/rygba/Workstation/sobatvc/vendor/codeigniter4/framework/system/Common.php(1097): CodeIgniter\View\View->render()
#3 /home/rygba/Workstation/sobatvc/app/Controllers/Admin/TabelSales.php(18): view()
#4 /home/rygba/Workstation/sobatvc/vendor/codeigniter4/framework/system/CodeIgniter.php(824): App\Controllers\Admin\TabelSales->index()
#5 /home/rygba/Workstation/sobatvc/vendor/codeigniter4/framework/system/CodeIgniter.php(410): CodeIgniter\CodeIgniter->runController()
#6 /home/rygba/Workstation/sobatvc/vendor/codeigniter4/framework/system/CodeIgniter.php(318): CodeIgniter\CodeIgniter->handleRequest()
#7 /home/rygba/Workstation/sobatvc/public/index.php(37): CodeIgniter\CodeIgniter->run()
#8 /home/rygba/Workstation/sobatvc/vendor/codeigniter4/framework/system/Commands/Server/rewrite.php(43): require_once('...')
#9 {main}
CRITICAL - 2021-12-04 08:42:08 --> Trying to access array offset on value of type null
#0 /home/rygba/Workstation/sobatvc/app/Views/Admin/tbSales.php(32): CodeIgniter\Debug\Exceptions->errorHandler()
#1 /home/rygba/Workstation/sobatvc/vendor/codeigniter4/framework/system/View/View.php(214): include('...')
#2 /home/rygba/Workstation/sobatvc/vendor/codeigniter4/framework/system/View/View.php(217): CodeIgniter\View\View->CodeIgniter\View\{closure}()
#3 /home/rygba/Workstation/sobatvc/vendor/codeigniter4/framework/system/Common.php(1097): CodeIgniter\View\View->render()
#4 /home/rygba/Workstation/sobatvc/app/Controllers/Admin/TabelSales.php(18): view()
#5 /home/rygba/Workstation/sobatvc/vendor/codeigniter4/framework/system/CodeIgniter.php(824): App\Controllers\Admin\TabelSales->index()
#6 /home/rygba/Workstation/sobatvc/vendor/codeigniter4/framework/system/CodeIgniter.php(410): CodeIgniter\CodeIgniter->runController()
#7 /home/rygba/Workstation/sobatvc/vendor/codeigniter4/framework/system/CodeIgniter.php(318): CodeIgniter\CodeIgniter->handleRequest()
#8 /home/rygba/Workstation/sobatvc/public/index.php(37): CodeIgniter\CodeIgniter->run()
#9 /home/rygba/Workstation/sobatvc/vendor/codeigniter4/framework/system/Commands/Server/rewrite.php(43): require_once('...')
#10 {main}
CRITICAL - 2021-12-04 08:44:55 --> Trying to access array offset on value of type null
#0 /home/rygba/Workstation/sobatvc/app/Views/Admin/tbSales.php(32): CodeIgniter\Debug\Exceptions->errorHandler()
#1 /home/rygba/Workstation/sobatvc/vendor/codeigniter4/framework/system/View/View.php(214): include('...')
#2 /home/rygba/Workstation/sobatvc/vendor/codeigniter4/framework/system/View/View.php(217): CodeIgniter\View\View->CodeIgniter\View\{closure}()
#3 /home/rygba/Workstation/sobatvc/vendor/codeigniter4/framework/system/Common.php(1097): CodeIgniter\View\View->render()
#4 /home/rygba/Workstation/sobatvc/app/Controllers/Admin/TabelSales.php(18): view()
#5 /home/rygba/Workstation/sobatvc/vendor/codeigniter4/framework/system/CodeIgniter.php(824): App\Controllers\Admin\TabelSales->index()
#6 /home/rygba/Workstation/sobatvc/vendor/codeigniter4/framework/system/CodeIgniter.php(410): CodeIgniter\CodeIgniter->runController()
#7 /home/rygba/Workstation/sobatvc/vendor/codeigniter4/framework/system/CodeIgniter.php(318): CodeIgniter\CodeIgniter->handleRequest()
#8 /home/rygba/Workstation/sobatvc/public/index.php(37): CodeIgniter\CodeIgniter->run()
#9 /home/rygba/Workstation/sobatvc/vendor/codeigniter4/framework/system/Commands/Server/rewrite.php(43): require_once('...')
#10 {main}
CRITICAL - 2021-12-04 08:46:58 --> Call to undefined method App\Models\Users::result_array
#0 /home/rygba/Workstation/sobatvc/app/Controllers/Admin/TabelSales.php(15): CodeIgniter\Model->__call()
#1 /home/rygba/Workstation/sobatvc/vendor/codeigniter4/framework/system/CodeIgniter.php(824): App\Controllers\Admin\TabelSales->index()
#2 /home/rygba/Workstation/sobatvc/vendor/codeigniter4/framework/system/CodeIgniter.php(410): CodeIgniter\CodeIgniter->runController()
#3 /home/rygba/Workstation/sobatvc/vendor/codeigniter4/framework/system/CodeIgniter.php(318): CodeIgniter\CodeIgniter->handleRequest()
#4 /home/rygba/Workstation/sobatvc/public/index.php(37): CodeIgniter\CodeIgniter->run()
#5 /home/rygba/Workstation/sobatvc/vendor/codeigniter4/framework/system/Commands/Server/rewrite.php(43): require_once('...')
#6 {main}
CRITICAL - 2021-12-04 08:47:42 --> Trying to access array offset on value of type null
#0 /home/rygba/Workstation/sobatvc/app/Views/Admin/tbSales.php(32): CodeIgniter\Debug\Exceptions->errorHandler()
#1 /home/rygba/Workstation/sobatvc/vendor/codeigniter4/framework/system/View/View.php(214): include('...')
#2 /home/rygba/Workstation/sobatvc/vendor/codeigniter4/framework/system/View/View.php(217): CodeIgniter\View\View->CodeIgniter\View\{closure}()
#3 /home/rygba/Workstation/sobatvc/vendor/codeigniter4/framework/system/Common.php(1097): CodeIgniter\View\View->render()
#4 /home/rygba/Workstation/sobatvc/app/Controllers/Admin/TabelSales.php(18): view()
#5 /home/rygba/Workstation/sobatvc/vendor/codeigniter4/framework/system/CodeIgniter.php(824): App\Controllers\Admin\TabelSales->index()
#6 /home/rygba/Workstation/sobatvc/vendor/codeigniter4/framework/system/CodeIgniter.php(410): CodeIgniter\CodeIgniter->runController()
#7 /home/rygba/Workstation/sobatvc/vendor/codeigniter4/framework/system/CodeIgniter.php(318): CodeIgniter\CodeIgniter->handleRequest()
#8 /home/rygba/Workstation/sobatvc/public/index.php(37): CodeIgniter\CodeIgniter->run()
#9 /home/rygba/Workstation/sobatvc/vendor/codeigniter4/framework/system/Commands/Server/rewrite.php(43): require_once('...')
#10 {main}
CRITICAL - 2021-12-04 08:49:23 --> Trying to access array offset on value of type null
#0 /home/rygba/Workstation/sobatvc/app/Views/Admin/tbSales.php(32): CodeIgniter\Debug\Exceptions->errorHandler()
#1 /home/rygba/Workstation/sobatvc/vendor/codeigniter4/framework/system/View/View.php(214): include('...')
#2 /home/rygba/Workstation/sobatvc/vendor/codeigniter4/framework/system/View/View.php(217): CodeIgniter\View\View->CodeIgniter\View\{closure}()
#3 /home/rygba/Workstation/sobatvc/vendor/codeigniter4/framework/system/Common.php(1097): CodeIgniter\View\View->render()
#4 /home/rygba/Workstation/sobatvc/app/Controllers/Admin/TabelSales.php(18): view()
#5 /home/rygba/Workstation/sobatvc/vendor/codeigniter4/framework/system/CodeIgniter.php(824): App\Controllers\Admin\TabelSales->index()
#6 /home/rygba/Workstation/sobatvc/vendor/codeigniter4/framework/system/CodeIgniter.php(410): CodeIgniter\CodeIgniter->runController()
#7 /home/rygba/Workstation/sobatvc/vendor/codeigniter4/framework/system/CodeIgniter.php(318): CodeIgniter\CodeIgniter->handleRequest()
#8 /home/rygba/Workstation/sobatvc/public/index.php(37): CodeIgniter\CodeIgniter->run()
#9 /home/rygba/Workstation/sobatvc/vendor/codeigniter4/framework/system/Commands/Server/rewrite.php(43): require_once('...')
#10 {main}
CRITICAL - 2021-12-04 08:54:49 --> Trying to access array offset on value of type null
#0 /home/rygba/Workstation/sobatvc/app/Views/Admin/tbSales.php(32): CodeIgniter\Debug\Exceptions->errorHandler()
#1 /home/rygba/Workstation/sobatvc/vendor/codeigniter4/framework/system/View/View.php(214): include('...')
#2 /home/rygba/Workstation/sobatvc/vendor/codeigniter4/framework/system/View/View.php(217): CodeIgniter\View\View->CodeIgniter\View\{closure}()
#3 /home/rygba/Workstation/sobatvc/vendor/codeigniter4/framework/system/Common.php(1097): CodeIgniter\View\View->render()
#4 /home/rygba/Workstation/sobatvc/app/Controllers/Admin/TabelSales.php(18): view()
#5 /home/rygba/Workstation/sobatvc/vendor/codeigniter4/framework/system/CodeIgniter.php(824): App\Controllers\Admin\TabelSales->index()
#6 /home/rygba/Workstation/sobatvc/vendor/codeigniter4/framework/system/CodeIgniter.php(410): CodeIgniter\CodeIgniter->runController()
#7 /home/rygba/Workstation/sobatvc/vendor/codeigniter4/framework/system/CodeIgniter.php(318): CodeIgniter\CodeIgniter->handleRequest()
#8 /home/rygba/Workstation/sobatvc/public/index.php(37): CodeIgniter\CodeIgniter->run()
#9 /home/rygba/Workstation/sobatvc/vendor/codeigniter4/framework/system/Commands/Server/rewrite.php(43): require_once('...')
#10 {main}
CRITICAL - 2021-12-04 09:01:55 --> Trying to access array offset on value of type null
#0 /home/rygba/Workstation/sobatvc/app/Views/Admin/tbSales.php(32): CodeIgniter\Debug\Exceptions->errorHandler()
#1 /home/rygba/Workstation/sobatvc/vendor/codeigniter4/framework/system/View/View.php(214): include('...')
#2 /home/rygba/Workstation/sobatvc/vendor/codeigniter4/framework/system/View/View.php(217): CodeIgniter\View\View->CodeIgniter\View\{closure}()
#3 /home/rygba/Workstation/sobatvc/vendor/codeigniter4/framework/system/Common.php(1097): CodeIgniter\View\View->render()
#4 /home/rygba/Workstation/sobatvc/app/Controllers/Admin/TabelSales.php(18): view()
#5 /home/rygba/Workstation/sobatvc/vendor/codeigniter4/framework/system/CodeIgniter.php(824): App\Controllers\Admin\TabelSales->index()
#6 /home/rygba/Workstation/sobatvc/vendor/codeigniter4/framework/system/CodeIgniter.php(410): CodeIgniter\CodeIgniter->runController()
#7 /home/rygba/Workstation/sobatvc/vendor/codeigniter4/framework/system/CodeIgniter.php(318): CodeIgniter\CodeIgniter->handleRequest()
#8 /home/rygba/Workstation/sobatvc/public/index.php(37): CodeIgniter\CodeIgniter->run()
#9 /home/rygba/Workstation/sobatvc/vendor/codeigniter4/framework/system/Commands/Server/rewrite.php(43): require_once('...')
#10 {main}
CRITICAL - 2021-12-04 09:04:20 --> Trying to access array offset on value of type null
#0 /home/rygba/Workstation/sobatvc/app/Views/Admin/tbSales.php(32): CodeIgniter\Debug\Exceptions->errorHandler()
#1 /home/rygba/Workstation/sobatvc/vendor/codeigniter4/framework/system/View/View.php(214): include('...')
#2 /home/rygba/Workstation/sobatvc/vendor/codeigniter4/framework/system/View/View.php(217): CodeIgniter\View\View->CodeIgniter\View\{closure}()
#3 /home/rygba/Workstation/sobatvc/vendor/codeigniter4/framework/system/Common.php(1097): CodeIgniter\View\View->render()
#4 /home/rygba/Workstation/sobatvc/app/Controllers/Admin/TabelSales.php(18): view()
#5 /home/rygba/Workstation/sobatvc/vendor/codeigniter4/framework/system/CodeIgniter.php(824): App\Controllers\Admin\TabelSales->index()
#6 /home/rygba/Workstation/sobatvc/vendor/codeigniter4/framework/system/CodeIgniter.php(410): CodeIgniter\CodeIgniter->runController()
#7 /home/rygba/Workstation/sobatvc/vendor/codeigniter4/framework/system/CodeIgniter.php(318): CodeIgniter\CodeIgniter->handleRequest()
#8 /home/rygba/Workstation/sobatvc/public/index.php(37): CodeIgniter\CodeIgniter->run()
#9 /home/rygba/Workstation/sobatvc/vendor/codeigniter4/framework/system/Commands/Server/rewrite.php(43): require_once('...')
#10 {main}
CRITICAL - 2021-12-04 09:27:51 --> Cannot use object of type mysqli as array
#0 /home/rygba/Workstation/sobatvc/vendor/codeigniter4/framework/system/View/View.php(214): include()
#1 /home/rygba/Workstation/sobatvc/vendor/codeigniter4/framework/system/View/View.php(217): CodeIgniter\View\View->CodeIgniter\View\{closure}()
#2 /home/rygba/Workstation/sobatvc/vendor/codeigniter4/framework/system/Common.php(1097): CodeIgniter\View\View->render()
#3 /home/rygba/Workstation/sobatvc/app/Controllers/Admin/TabelSales.php(18): view()
#4 /home/rygba/Workstation/sobatvc/vendor/codeigniter4/framework/system/CodeIgniter.php(824): App\Controllers\Admin\TabelSales->index()
#5 /home/rygba/Workstation/sobatvc/vendor/codeigniter4/framework/system/CodeIgniter.php(410): CodeIgniter\CodeIgniter->runController()
#6 /home/rygba/Workstation/sobatvc/vendor/codeigniter4/framework/system/CodeIgniter.php(318): CodeIgniter\CodeIgniter->handleRequest()
#7 /home/rygba/Workstation/sobatvc/public/index.php(37): CodeIgniter\CodeIgniter->run()
#8 /home/rygba/Workstation/sobatvc/vendor/codeigniter4/framework/system/Commands/Server/rewrite.php(43): require_once('...')
#9 {main}
CRITICAL - 2021-12-04 09:28:33 --> Call to undefined method CodeIgniter\Database\MySQLi\Result::result_array()
#0 /home/rygba/Workstation/sobatvc/vendor/codeigniter4/framework/system/CodeIgniter.php(824): App\Controllers\Admin\TabelSales->index()
#1 /home/rygba/Workstation/sobatvc/vendor/codeigniter4/framework/system/CodeIgniter.php(410): CodeIgniter\CodeIgniter->runController()
#2 /home/rygba/Workstation/sobatvc/vendor/codeigniter4/framework/system/CodeIgniter.php(318): CodeIgniter\CodeIgniter->handleRequest()
#3 /home/rygba/Workstation/sobatvc/public/index.php(37): CodeIgniter\CodeIgniter->run()
#4 /home/rygba/Workstation/sobatvc/vendor/codeigniter4/framework/system/Commands/Server/rewrite.php(43): require_once('...')
#5 {main}
CRITICAL - 2021-12-04 09:29:20 --> Call to undefined method CodeIgniter\Database\MySQLi\Result::result()
#0 /home/rygba/Workstation/sobatvc/vendor/codeigniter4/framework/system/CodeIgniter.php(824): App\Controllers\Admin\TabelSales->index()
#1 /home/rygba/Workstation/sobatvc/vendor/codeigniter4/framework/system/CodeIgniter.php(410): CodeIgniter\CodeIgniter->runController()
#2 /home/rygba/Workstation/sobatvc/vendor/codeigniter4/framework/system/CodeIgniter.php(318): CodeIgniter\CodeIgniter->handleRequest()
#3 /home/rygba/Workstation/sobatvc/public/index.php(37): CodeIgniter\CodeIgniter->run()
#4 /home/rygba/Workstation/sobatvc/vendor/codeigniter4/framework/system/Commands/Server/rewrite.php(43): require_once('...')
#5 {main}
CRITICAL - 2021-12-04 09:29:51 --> Call to undefined method App\Models\Users::result_array
#0 /home/rygba/Workstation/sobatvc/app/Controllers/Admin/TabelSales.php(15): CodeIgniter\Model->__call()
#1 /home/rygba/Workstation/sobatvc/vendor/codeigniter4/framework/system/CodeIgniter.php(824): App\Controllers\Admin\TabelSales->index()
#2 /home/rygba/Workstation/sobatvc/vendor/codeigniter4/framework/system/CodeIgniter.php(410): CodeIgniter\CodeIgniter->runController()
#3 /home/rygba/Workstation/sobatvc/vendor/codeigniter4/framework/system/CodeIgniter.php(318): CodeIgniter\CodeIgniter->handleRequest()
#4 /home/rygba/Workstation/sobatvc/public/index.php(37): CodeIgniter\CodeIgniter->run()
#5 /home/rygba/Workstation/sobatvc/vendor/codeigniter4/framework/system/Commands/Server/rewrite.php(43): require_once('...')
#6 {main}
CRITICAL - 2021-12-04 09:31:27 --> Call to undefined method CodeIgniter\Database\MySQLi\Result::row_array()
#0 /home/rygba/Workstation/sobatvc/vendor/codeigniter4/framework/system/CodeIgniter.php(824): App\Controllers\Admin\TabelSales->index()
#1 /home/rygba/Workstation/sobatvc/vendor/codeigniter4/framework/system/CodeIgniter.php(410): CodeIgniter\CodeIgniter->runController()
#2 /home/rygba/Workstation/sobatvc/vendor/codeigniter4/framework/system/CodeIgniter.php(318): CodeIgniter\CodeIgniter->handleRequest()
#3 /home/rygba/Workstation/sobatvc/public/index.php(37): CodeIgniter\CodeIgniter->run()
#4 /home/rygba/Workstation/sobatvc/vendor/codeigniter4/framework/system/Commands/Server/rewrite.php(43): require_once('...')
#5 {main}
CRITICAL - 2021-12-04 09:31:51 --> Call to undefined method CodeIgniter\Database\MySQLi\Result::row_array()
#0 /home/rygba/Workstation/sobatvc/vendor/codeigniter4/framework/system/CodeIgniter.php(824): App\Controllers\Admin\TabelSales->index()
#1 /home/rygba/Workstation/sobatvc/vendor/codeigniter4/framework/system/CodeIgniter.php(410): CodeIgniter\CodeIgniter->runController()
#2 /home/rygba/Workstation/sobatvc/vendor/codeigniter4/framework/system/CodeIgniter.php(318): CodeIgniter\CodeIgniter->handleRequest()
#3 /home/rygba/Workstation/sobatvc/public/index.php(37): CodeIgniter\CodeIgniter->run()
#4 /home/rygba/Workstation/sobatvc/vendor/codeigniter4/framework/system/Commands/Server/rewrite.php(43): require_once('...')
#5 {main}
CRITICAL - 2021-12-04 09:32:21 --> Cannot access offset of type string on string
#0 /home/rygba/Workstation/sobatvc/vendor/codeigniter4/framework/system/View/View.php(214): include()
#1 /home/rygba/Workstation/sobatvc/vendor/codeigniter4/framework/system/View/View.php(217): CodeIgniter\View\View->CodeIgniter\View\{closure}()
#2 /home/rygba/Workstation/sobatvc/vendor/codeigniter4/framework/system/Common.php(1097): CodeIgniter\View\View->render()
#3 /home/rygba/Workstation/sobatvc/app/Controllers/Admin/TabelSales.php(20): view()
#4 /home/rygba/Workstation/sobatvc/vendor/codeigniter4/framework/system/CodeIgniter.php(824): App\Controllers\Admin\TabelSales->index()
#5 /home/rygba/Workstation/sobatvc/vendor/codeigniter4/framework/system/CodeIgniter.php(410): CodeIgniter\CodeIgniter->runController()
#6 /home/rygba/Workstation/sobatvc/vendor/codeigniter4/framework/system/CodeIgniter.php(318): CodeIgniter\CodeIgniter->handleRequest()
#7 /home/rygba/Workstation/sobatvc/public/index.php(37): CodeIgniter\CodeIgniter->run()
#8 /home/rygba/Workstation/sobatvc/vendor/codeigniter4/framework/system/Commands/Server/rewrite.php(43): require_once('...')
#9 {main}
CRITICAL - 2021-12-04 09:32:53 --> Call to undefined method App\Models\Users::getRowArray
#0 /home/rygba/Workstation/sobatvc/app/Controllers/Admin/TabelSales.php(15): CodeIgniter\Model->__call()
#1 /home/rygba/Workstation/sobatvc/vendor/codeigniter4/framework/system/CodeIgniter.php(824): App\Controllers\Admin\TabelSales->index()
#2 /home/rygba/Workstation/sobatvc/vendor/codeigniter4/framework/system/CodeIgniter.php(410): CodeIgniter\CodeIgniter->runController()
#3 /home/rygba/Workstation/sobatvc/vendor/codeigniter4/framework/system/CodeIgniter.php(318): CodeIgniter\CodeIgniter->handleRequest()
#4 /home/rygba/Workstation/sobatvc/public/index.php(37): CodeIgniter\CodeIgniter->run()
#5 /home/rygba/Workstation/sobatvc/vendor/codeigniter4/framework/system/Commands/Server/rewrite.php(43): require_once('...')
#6 {main}
CRITICAL - 2021-12-04 09:33:06 --> Call to undefined method CodeIgniter\Database\MySQLi\Result::RowArray()
#0 /home/rygba/Workstation/sobatvc/vendor/codeigniter4/framework/system/CodeIgniter.php(824): App\Controllers\Admin\TabelSales->index()
#1 /home/rygba/Workstation/sobatvc/vendor/codeigniter4/framework/system/CodeIgniter.php(410): CodeIgniter\CodeIgniter->runController()
#2 /home/rygba/Workstation/sobatvc/vendor/codeigniter4/framework/system/CodeIgniter.php(318): CodeIgniter\CodeIgniter->handleRequest()
#3 /home/rygba/Workstation/sobatvc/public/index.php(37): CodeIgniter\CodeIgniter->run()
#4 /home/rygba/Workstation/sobatvc/vendor/codeigniter4/framework/system/Commands/Server/rewrite.php(43): require_once('...')
#5 {main}
CRITICAL - 2021-12-04 09:33:13 --> Cannot access offset of type string on string
#0 /home/rygba/Workstation/sobatvc/vendor/codeigniter4/framework/system/View/View.php(214): include()
#1 /home/rygba/Workstation/sobatvc/vendor/codeigniter4/framework/system/View/View.php(217): CodeIgniter\View\View->CodeIgniter\View\{closure}()
#2 /home/rygba/Workstation/sobatvc/vendor/codeigniter4/framework/system/Common.php(1097): CodeIgniter\View\View->render()
#3 /home/rygba/Workstation/sobatvc/app/Controllers/Admin/TabelSales.php(20): view()
#4 /home/rygba/Workstation/sobatvc/vendor/codeigniter4/framework/system/CodeIgniter.php(824): App\Controllers\Admin\TabelSales->index()
#5 /home/rygba/Workstation/sobatvc/vendor/codeigniter4/framework/system/CodeIgniter.php(410): CodeIgniter\CodeIgniter->runController()
#6 /home/rygba/Workstation/sobatvc/vendor/codeigniter4/framework/system/CodeIgniter.php(318): CodeIgniter\CodeIgniter->handleRequest()
#7 /home/rygba/Workstation/sobatvc/public/index.php(37): CodeIgniter\CodeIgniter->run()
#8 /home/rygba/Workstation/sobatvc/vendor/codeigniter4/framework/system/Commands/Server/rewrite.php(43): require_once('...')
#9 {main}
CRITICAL - 2021-12-04 09:33:44 --> Cannot access offset of type string on string
#0 /home/rygba/Workstation/sobatvc/vendor/codeigniter4/framework/system/View/View.php(214): include()
#1 /home/rygba/Workstation/sobatvc/vendor/codeigniter4/framework/system/View/View.php(217): CodeIgniter\View\View->CodeIgniter\View\{closure}()
#2 /home/rygba/Workstation/sobatvc/vendor/codeigniter4/framework/system/Common.php(1097): CodeIgniter\View\View->render()
#3 /home/rygba/Workstation/sobatvc/app/Controllers/Admin/TabelSales.php(20): view()
#4 /home/rygba/Workstation/sobatvc/vendor/codeigniter4/framework/system/CodeIgniter.php(824): App\Controllers\Admin\TabelSales->index()
#5 /home/rygba/Workstation/sobatvc/vendor/codeigniter4/framework/system/CodeIgniter.php(410): CodeIgniter\CodeIgniter->runController()
#6 /home/rygba/Workstation/sobatvc/vendor/codeigniter4/framework/system/CodeIgniter.php(318): CodeIgniter\CodeIgniter->handleRequest()
#7 /home/rygba/Workstation/sobatvc/public/index.php(37): CodeIgniter\CodeIgniter->run()
#8 /home/rygba/Workstation/sobatvc/vendor/codeigniter4/framework/system/Commands/Server/rewrite.php(43): require_once('...')
#9 {main}
CRITICAL - 2021-12-04 09:34:54 --> Cannot access offset of type string on string
#0 /home/rygba/Workstation/sobatvc/vendor/codeigniter4/framework/system/View/View.php(214): include()
#1 /home/rygba/Workstation/sobatvc/vendor/codeigniter4/framework/system/View/View.php(217): CodeIgniter\View\View->CodeIgniter\View\{closure}()
#2 /home/rygba/Workstation/sobatvc/vendor/codeigniter4/framework/system/Common.php(1097): CodeIgniter\View\View->render()
#3 /home/rygba/Workstation/sobatvc/app/Controllers/Admin/TabelSales.php(20): view()
#4 /home/rygba/Workstation/sobatvc/vendor/codeigniter4/framework/system/CodeIgniter.php(824): App\Controllers\Admin\TabelSales->index()
#5 /home/rygba/Workstation/sobatvc/vendor/codeigniter4/framework/system/CodeIgniter.php(410): CodeIgniter\CodeIgniter->runController()
#6 /home/rygba/Workstation/sobatvc/vendor/codeigniter4/framework/system/CodeIgniter.php(318): CodeIgniter\CodeIgniter->handleRequest()
#7 /home/rygba/Workstation/sobatvc/public/index.php(37): CodeIgniter\CodeIgniter->run()
#8 /home/rygba/Workstation/sobatvc/vendor/codeigniter4/framework/system/Commands/Server/rewrite.php(43): require_once('...')
#9 {main}
CRITICAL - 2021-12-04 09:35:14 --> Cannot access offset of type string on string
#0 /home/rygba/Workstation/sobatvc/vendor/codeigniter4/framework/system/View/View.php(214): include()
#1 /home/rygba/Workstation/sobatvc/vendor/codeigniter4/framework/system/View/View.php(217): CodeIgniter\View\View->CodeIgniter\View\{closure}()
#2 /home/rygba/Workstation/sobatvc/vendor/codeigniter4/framework/system/Common.php(1097): CodeIgniter\View\View->render()
#3 /home/rygba/Workstation/sobatvc/app/Controllers/Admin/TabelSales.php(20): view()
#4 /home/rygba/Workstation/sobatvc/vendor/codeigniter4/framework/system/CodeIgniter.php(824): App\Controllers\Admin\TabelSales->index()
#5 /home/rygba/Workstation/sobatvc/vendor/codeigniter4/framework/system/CodeIgniter.php(410): CodeIgniter\CodeIgniter->runController()
#6 /home/rygba/Workstation/sobatvc/vendor/codeigniter4/framework/system/CodeIgniter.php(318): CodeIgniter\CodeIgniter->handleRequest()
#7 /home/rygba/Workstation/sobatvc/public/index.php(37): CodeIgniter\CodeIgniter->run()
#8 /home/rygba/Workstation/sobatvc/vendor/codeigniter4/framework/system/Commands/Server/rewrite.php(43): require_once('...')
#9 {main}
CRITICAL - 2021-12-04 09:36:18 --> Cannot use object of type stdClass as array
#0 /home/rygba/Workstation/sobatvc/vendor/codeigniter4/framework/system/View/View.php(214): include()
#1 /home/rygba/Workstation/sobatvc/vendor/codeigniter4/framework/system/View/View.php(217): CodeIgniter\View\View->CodeIgniter\View\{closure}()
#2 /home/rygba/Workstation/sobatvc/vendor/codeigniter4/framework/system/Common.php(1097): CodeIgniter\View\View->render()
#3 /home/rygba/Workstation/sobatvc/app/Controllers/Admin/TabelSales.php(20): view()
#4 /home/rygba/Workstation/sobatvc/vendor/codeigniter4/framework/system/CodeIgniter.php(824): App\Controllers\Admin\TabelSales->index()
#5 /home/rygba/Workstation/sobatvc/vendor/codeigniter4/framework/system/CodeIgniter.php(410): CodeIgniter\CodeIgniter->runController()
#6 /home/rygba/Workstation/sobatvc/vendor/codeigniter4/framework/system/CodeIgniter.php(318): CodeIgniter\CodeIgniter->handleRequest()
#7 /home/rygba/Workstation/sobatvc/public/index.php(37): CodeIgniter\CodeIgniter->run()
#8 /home/rygba/Workstation/sobatvc/vendor/codeigniter4/framework/system/Commands/Server/rewrite.php(43): require_once('...')
#9 {main}
CRITICAL - 2021-12-04 09:37:10 --> Cannot access offset of type string on string
#0 /home/rygba/Workstation/sobatvc/vendor/codeigniter4/framework/system/View/View.php(214): include()
#1 /home/rygba/Workstation/sobatvc/vendor/codeigniter4/framework/system/View/View.php(217): CodeIgniter\View\View->CodeIgniter\View\{closure}()
#2 /home/rygba/Workstation/sobatvc/vendor/codeigniter4/framework/system/Common.php(1097): CodeIgniter\View\View->render()
#3 /home/rygba/Workstation/sobatvc/app/Controllers/Admin/TabelSales.php(20): view()
#4 /home/rygba/Workstation/sobatvc/vendor/codeigniter4/framework/system/CodeIgniter.php(824): App\Controllers\Admin\TabelSales->index()
#5 /home/rygba/Workstation/sobatvc/vendor/codeigniter4/framework/system/CodeIgniter.php(410): CodeIgniter\CodeIgniter->runController()
#6 /home/rygba/Workstation/sobatvc/vendor/codeigniter4/framework/system/CodeIgniter.php(318): CodeIgniter\CodeIgniter->handleRequest()
#7 /home/rygba/Workstation/sobatvc/public/index.php(37): CodeIgniter\CodeIgniter->run()
#8 /home/rygba/Workstation/sobatvc/vendor/codeigniter4/framework/system/Commands/Server/rewrite.php(43): require_once('...')
#9 {main}
CRITICAL - 2021-12-04 09:38:43 --> Call to undefined method CodeIgniter\Database\MySQLi\Result::result_array()
#0 /home/rygba/Workstation/sobatvc/vendor/codeigniter4/framework/system/CodeIgniter.php(824): App\Controllers\Admin\TabelSales->index()
#1 /home/rygba/Workstation/sobatvc/vendor/codeigniter4/framework/system/CodeIgniter.php(410): CodeIgniter\CodeIgniter->runController()
#2 /home/rygba/Workstation/sobatvc/vendor/codeigniter4/framework/system/CodeIgniter.php(318): CodeIgniter\CodeIgniter->handleRequest()
#3 /home/rygba/Workstation/sobatvc/public/index.php(37): CodeIgniter\CodeIgniter->run()
#4 /home/rygba/Workstation/sobatvc/vendor/codeigniter4/framework/system/Commands/Server/rewrite.php(43): require_once('...')
#5 {main}
CRITICAL - 2021-12-04 09:40:19 --> Trying to access array offset on value of type null
#0 /home/rygba/Workstation/sobatvc/app/Views/Admin/tbSales.php(32): CodeIgniter\Debug\Exceptions->errorHandler()
#1 /home/rygba/Workstation/sobatvc/vendor/codeigniter4/framework/system/View/View.php(214): include('...')
#2 /home/rygba/Workstation/sobatvc/vendor/codeigniter4/framework/system/View/View.php(217): CodeIgniter\View\View->CodeIgniter\View\{closure}()
#3 /home/rygba/Workstation/sobatvc/vendor/codeigniter4/framework/system/Common.php(1097): CodeIgniter\View\View->render()
#4 /home/rygba/Workstation/sobatvc/app/Controllers/Admin/TabelSales.php(20): view()
#5 /home/rygba/Workstation/sobatvc/vendor/codeigniter4/framework/system/CodeIgniter.php(824): App\Controllers\Admin\TabelSales->index()
#6 /home/rygba/Workstation/sobatvc/vendor/codeigniter4/framework/system/CodeIgniter.php(410): CodeIgniter\CodeIgniter->runController()
#7 /home/rygba/Workstation/sobatvc/vendor/codeigniter4/framework/system/CodeIgniter.php(318): CodeIgniter\CodeIgniter->handleRequest()
#8 /home/rygba/Workstation/sobatvc/public/index.php(37): CodeIgniter\CodeIgniter->run()
#9 /home/rygba/Workstation/sobatvc/vendor/codeigniter4/framework/system/Commands/Server/rewrite.php(43): require_once('...')
#10 {main}
CRITICAL - 2021-12-04 09:40:26 --> Trying to access array offset on value of type null
#0 /home/rygba/Workstation/sobatvc/app/Views/Admin/tbSales.php(32): CodeIgniter\Debug\Exceptions->errorHandler()
#1 /home/rygba/Workstation/sobatvc/vendor/codeigniter4/framework/system/View/View.php(214): include('...')
#2 /home/rygba/Workstation/sobatvc/vendor/codeigniter4/framework/system/View/View.php(217): CodeIgniter\View\View->CodeIgniter\View\{closure}()
#3 /home/rygba/Workstation/sobatvc/vendor/codeigniter4/framework/system/Common.php(1097): CodeIgniter\View\View->render()
#4 /home/rygba/Workstation/sobatvc/app/Controllers/Admin/TabelSales.php(20): view()
#5 /home/rygba/Workstation/sobatvc/vendor/codeigniter4/framework/system/CodeIgniter.php(824): App\Controllers\Admin\TabelSales->index()
#6 /home/rygba/Workstation/sobatvc/vendor/codeigniter4/framework/system/CodeIgniter.php(410): CodeIgniter\CodeIgniter->runController()
#7 /home/rygba/Workstation/sobatvc/vendor/codeigniter4/framework/system/CodeIgniter.php(318): CodeIgniter\CodeIgniter->handleRequest()
#8 /home/rygba/Workstation/sobatvc/public/index.php(37): CodeIgniter\CodeIgniter->run()
#9 /home/rygba/Workstation/sobatvc/vendor/codeigniter4/framework/system/Commands/Server/rewrite.php(43): require_once('...')
#10 {main}
CRITICAL - 2021-12-04 09:43:48 --> Trying to access array offset on value of type null
#0 /home/rygba/Workstation/sobatvc/app/Views/Admin/tbSales.php(32): CodeIgniter\Debug\Exceptions->errorHandler()
#1 /home/rygba/Workstation/sobatvc/vendor/codeigniter4/framework/system/View/View.php(214): include('...')
#2 /home/rygba/Workstation/sobatvc/vendor/codeigniter4/framework/system/View/View.php(217): CodeIgniter\View\View->CodeIgniter\View\{closure}()
#3 /home/rygba/Workstation/sobatvc/vendor/codeigniter4/framework/system/Common.php(1097): CodeIgniter\View\View->render()
#4 /home/rygba/Workstation/sobatvc/app/Controllers/Admin/TabelSales.php(19): view()
#5 /home/rygba/Workstation/sobatvc/vendor/codeigniter4/framework/system/CodeIgniter.php(824): App\Controllers\Admin\TabelSales->index()
#6 /home/rygba/Workstation/sobatvc/vendor/codeigniter4/framework/system/CodeIgniter.php(410): CodeIgniter\CodeIgniter->runController()
#7 /home/rygba/Workstation/sobatvc/vendor/codeigniter4/framework/system/CodeIgniter.php(318): CodeIgniter\CodeIgniter->handleRequest()
#8 /home/rygba/Workstation/sobatvc/public/index.php(37): CodeIgniter\CodeIgniter->run()
#9 /home/rygba/Workstation/sobatvc/vendor/codeigniter4/framework/system/Commands/Server/rewrite.php(43): require_once('...')
#10 {main}
CRITICAL - 2021-12-04 09:44:41 --> Trying to access array offset on value of type null
#0 /home/rygba/Workstation/sobatvc/app/Views/Admin/tbSales.php(32): CodeIgniter\Debug\Exceptions->errorHandler()
#1 /home/rygba/Workstation/sobatvc/vendor/codeigniter4/framework/system/View/View.php(214): include('...')
#2 /home/rygba/Workstation/sobatvc/vendor/codeigniter4/framework/system/View/View.php(217): CodeIgniter\View\View->CodeIgniter\View\{closure}()
#3 /home/rygba/Workstation/sobatvc/vendor/codeigniter4/framework/system/Common.php(1097): CodeIgniter\View\View->render()
#4 /home/rygba/Workstation/sobatvc/app/Controllers/Admin/TabelSales.php(19): view()
#5 /home/rygba/Workstation/sobatvc/vendor/codeigniter4/framework/system/CodeIgniter.php(824): App\Controllers\Admin\TabelSales->index()
#6 /home/rygba/Workstation/sobatvc/vendor/codeigniter4/framework/system/CodeIgniter.php(410): CodeIgniter\CodeIgniter->runController()
#7 /home/rygba/Workstation/sobatvc/vendor/codeigniter4/framework/system/CodeIgniter.php(318): CodeIgniter\CodeIgniter->handleRequest()
#8 /home/rygba/Workstation/sobatvc/public/index.php(37): CodeIgniter\CodeIgniter->run()
#9 /home/rygba/Workstation/sobatvc/vendor/codeigniter4/framework/system/Commands/Server/rewrite.php(43): require_once('...')
#10 {main}
CRITICAL - 2021-12-04 09:50:05 --> Undefined array key "namasales"
#0 /home/rygba/Workstation/sobatvc/app/Views/Admin/tbSales.php(32): CodeIgniter\Debug\Exceptions->errorHandler()
#1 /home/rygba/Workstation/sobatvc/vendor/codeigniter4/framework/system/View/View.php(214): include('...')
#2 /home/rygba/Workstation/sobatvc/vendor/codeigniter4/framework/system/View/View.php(217): CodeIgniter\View\View->CodeIgniter\View\{closure}()
#3 /home/rygba/Workstation/sobatvc/vendor/codeigniter4/framework/system/Common.php(1097): CodeIgniter\View\View->render()
#4 /home/rygba/Workstation/sobatvc/app/Controllers/Admin/TabelSales.php(19): view()
#5 /home/rygba/Workstation/sobatvc/vendor/codeigniter4/framework/system/CodeIgniter.php(824): App\Controllers\Admin\TabelSales->index()
#6 /home/rygba/Workstation/sobatvc/vendor/codeigniter4/framework/system/CodeIgniter.php(410): CodeIgniter\CodeIgniter->runController()
#7 /home/rygba/Workstation/sobatvc/vendor/codeigniter4/framework/system/CodeIgniter.php(318): CodeIgniter\CodeIgniter->handleRequest()
#8 /home/rygba/Workstation/sobatvc/public/index.php(37): CodeIgniter\CodeIgniter->run()
#9 /home/rygba/Workstation/sobatvc/vendor/codeigniter4/framework/system/Commands/Server/rewrite.php(43): require_once('...')
#10 {main}
ERROR - 2021-12-04 09:56:03 --> Unknown column 'roleseles' in 'where clause'
CRITICAL - 2021-12-04 09:56:03 --> Unknown column 'roleseles' in 'where clause'
#0 /home/rygba/Workstation/sobatvc/vendor/codeigniter4/framework/system/Database/MySQLi/Connection.php(292): mysqli->query()
#1 /home/rygba/Workstation/sobatvc/vendor/codeigniter4/framework/system/Database/BaseConnection.php(670): CodeIgniter\Database\MySQLi\Connection->execute()
#2 /home/rygba/Workstation/sobatvc/vendor/codeigniter4/framework/system/Database/BaseConnection.php(598): CodeIgniter\Database\BaseConnection->simpleQuery()
#3 /home/rygba/Workstation/sobatvc/vendor/codeigniter4/framework/system/Database/BaseBuilder.php(1443): CodeIgniter\Database\BaseConnection->query()
#4 /home/rygba/Workstation/sobatvc/vendor/codeigniter4/framework/system/Model.php(723): CodeIgniter\Database\BaseBuilder->get()
#5 /home/rygba/Workstation/sobatvc/app/Controllers/Admin/TabelSales.php(15): CodeIgniter\Model->__call()
#6 /home/rygba/Workstation/sobatvc/vendor/codeigniter4/framework/system/CodeIgniter.php(824): App\Controllers\Admin\TabelSales->index()
#7 /home/rygba/Workstation/sobatvc/vendor/codeigniter4/framework/system/CodeIgniter.php(410): CodeIgniter\CodeIgniter->runController()
#8 /home/rygba/Workstation/sobatvc/vendor/codeigniter4/framework/system/CodeIgniter.php(318): CodeIgniter\CodeIgniter->handleRequest()
#9 /home/rygba/Workstation/sobatvc/public/index.php(37): CodeIgniter\CodeIgniter->run()
#10 /home/rygba/Workstation/sobatvc/vendor/codeigniter4/framework/system/Commands/Server/rewrite.php(43): require_once('...')
#11 {main}
CRITICAL - 2021-12-04 10:11:05 --> CodeIgniter\Database\BaseResult::getFirstRow(): Argument #1 ($type) must be of type string, null given, called in /home/rygba/Workstation/sobatvc/vendor/codeigniter4/framework/system/Model.php on line 210
#0 /home/rygba/Workstation/sobatvc/vendor/codeigniter4/framework/system/Model.php(210): CodeIgniter\Database\BaseResult->getFirstRow()
#1 /home/rygba/Workstation/sobatvc/vendor/codeigniter4/framework/system/BaseModel.php(622): CodeIgniter\Model->doFirst()
#2 /home/rygba/Workstation/sobatvc/app/Controllers/Auth.php(27): CodeIgniter\BaseModel->first()
#3 /home/rygba/Workstation/sobatvc/vendor/codeigniter4/framework/system/CodeIgniter.php(824): App\Controllers\Auth->login()
#4 /home/rygba/Workstation/sobatvc/vendor/codeigniter4/framework/system/CodeIgniter.php(410): CodeIgniter\CodeIgniter->runController()
#5 /home/rygba/Workstation/sobatvc/vendor/codeigniter4/framework/system/CodeIgniter.php(318): CodeIgniter\CodeIgniter->handleRequest()
#6 /home/rygba/Workstation/sobatvc/public/index.php(37): CodeIgniter\CodeIgniter->run()
#7 /home/rygba/Workstation/sobatvc/vendor/codeigniter4/framework/system/Commands/Server/rewrite.php(43): require_once('...')
#8 {main}
CRITICAL - 2021-12-04 10:11:35 --> CodeIgniter\Database\BaseResult::getFirstRow(): Argument #1 ($type) must be of type string, null given, called in /home/rygba/Workstation/sobatvc/vendor/codeigniter4/framework/system/Model.php on line 210
#0 /home/rygba/Workstation/sobatvc/vendor/codeigniter4/framework/system/Model.php(210): CodeIgniter\Database\BaseResult->getFirstRow()
#1 /home/rygba/Workstation/sobatvc/vendor/codeigniter4/framework/system/BaseModel.php(622): CodeIgniter\Model->doFirst()
#2 /home/rygba/Workstation/sobatvc/app/Controllers/Auth.php(27): CodeIgniter\BaseModel->first()
#3 /home/rygba/Workstation/sobatvc/vendor/codeigniter4/framework/system/CodeIgniter.php(824): App\Controllers\Auth->login()
#4 /home/rygba/Workstation/sobatvc/vendor/codeigniter4/framework/system/CodeIgniter.php(410): CodeIgniter\CodeIgniter->runController()
#5 /home/rygba/Workstation/sobatvc/vendor/codeigniter4/framework/system/CodeIgniter.php(318): CodeIgniter\CodeIgniter->handleRequest()
#6 /home/rygba/Workstation/sobatvc/public/index.php(37): CodeIgniter\CodeIgniter->run()
#7 /home/rygba/Workstation/sobatvc/vendor/codeigniter4/framework/system/Commands/Server/rewrite.php(43): require_once('...')
#8 {main}
CRITICAL - 2021-12-04 10:13:00 --> CodeIgniter\Database\BaseResult::getFirstRow(): Argument #1 ($type) must be of type string, null given, called in /home/rygba/Workstation/sobatvc/vendor/codeigniter4/framework/system/Model.php on line 210
#0 /home/rygba/Workstation/sobatvc/vendor/codeigniter4/framework/system/Model.php(210): CodeIgniter\Database\BaseResult->getFirstRow()
#1 /home/rygba/Workstation/sobatvc/vendor/codeigniter4/framework/system/BaseModel.php(622): CodeIgniter\Model->doFirst()
#2 /home/rygba/Workstation/sobatvc/app/Controllers/Auth.php(27): CodeIgniter\BaseModel->first()
#3 /home/rygba/Workstation/sobatvc/vendor/codeigniter4/framework/system/CodeIgniter.php(824): App\Controllers\Auth->login()
#4 /home/rygba/Workstation/sobatvc/vendor/codeigniter4/framework/system/CodeIgniter.php(410): CodeIgniter\CodeIgniter->runController()
#5 /home/rygba/Workstation/sobatvc/vendor/codeigniter4/framework/system/CodeIgniter.php(318): CodeIgniter\CodeIgniter->handleRequest()
#6 /home/rygba/Workstation/sobatvc/public/index.php(37): CodeIgniter\CodeIgniter->run()
#7 /home/rygba/Workstation/sobatvc/vendor/codeigniter4/framework/system/Commands/Server/rewrite.php(43): require_once('...')
#8 {main}
CRITICAL - 2021-12-04 10:13:17 --> CodeIgniter\Database\BaseResult::getFirstRow(): Argument #1 ($type) must be of type string, null given, called in /home/rygba/Workstation/sobatvc/vendor/codeigniter4/framework/system/Model.php on line 210
#0 /home/rygba/Workstation/sobatvc/vendor/codeigniter4/framework/system/Model.php(210): CodeIgniter\Database\BaseResult->getFirstRow()
#1 /home/rygba/Workstation/sobatvc/vendor/codeigniter4/framework/system/BaseModel.php(622): CodeIgniter\Model->doFirst()
#2 /home/rygba/Workstation/sobatvc/app/Controllers/Auth.php(27): CodeIgniter\BaseModel->first()
#3 /home/rygba/Workstation/sobatvc/vendor/codeigniter4/framework/system/CodeIgniter.php(824): App\Controllers\Auth->login()
#4 /home/rygba/Workstation/sobatvc/vendor/codeigniter4/framework/system/CodeIgniter.php(410): CodeIgniter\CodeIgniter->runController()
#5 /home/rygba/Workstation/sobatvc/vendor/codeigniter4/framework/system/CodeIgniter.php(318): CodeIgniter\CodeIgniter->handleRequest()
#6 /home/rygba/Workstation/sobatvc/public/index.php(37): CodeIgniter\CodeIgniter->run()
#7 /home/rygba/Workstation/sobatvc/vendor/codeigniter4/framework/system/Commands/Server/rewrite.php(43): require_once('...')
#8 {main}
ERROR - 2021-12-04 18:48:52 --> Error connecting to the database: Connection refused
CRITICAL - 2021-12-04 18:48:52 --> Unable to connect to the database.
Main connection [MySQLi]: Connection refused
#0 /home/rygba/Workstation/sobatvc/vendor/codeigniter4/framework/system/Database/BaseConnection.php(577): CodeIgniter\Database\BaseConnection->initialize()
#1 /home/rygba/Workstation/sobatvc/vendor/codeigniter4/framework/system/Database/BaseBuilder.php(1443): CodeIgniter\Database\BaseConnection->query()
#2 /home/rygba/Workstation/sobatvc/vendor/codeigniter4/framework/system/Model.php(210): CodeIgniter\Database\BaseBuilder->get()
#3 /home/rygba/Workstation/sobatvc/vendor/codeigniter4/framework/system/BaseModel.php(622): CodeIgniter\Model->doFirst()
#4 /home/rygba/Workstation/sobatvc/app/Controllers/Auth.php(27): CodeIgniter\BaseModel->first()
#5 /home/rygba/Workstation/sobatvc/vendor/codeigniter4/framework/system/CodeIgniter.php(824): App\Controllers\Auth->login()
#6 /home/rygba/Workstation/sobatvc/vendor/codeigniter4/framework/system/CodeIgniter.php(410): CodeIgniter\CodeIgniter->runController()
#7 /home/rygba/Workstation/sobatvc/vendor/codeigniter4/framework/system/CodeIgniter.php(318): CodeIgniter\CodeIgniter->handleRequest()
#8 /home/rygba/Workstation/sobatvc/public/index.php(37): CodeIgniter\CodeIgniter->run()
#9 /home/rygba/Workstation/sobatvc/vendor/codeigniter4/framework/system/Commands/Server/rewrite.php(43): require_once('...')
#10 {main}
